Started by user konrad
[Pipeline] Start of Pipeline
[Pipeline] node
Running on Jenkins in /var/jenkins_home/workspace/pipeline
[Pipeline] {
[Pipeline] stage
[Pipeline] { (Clone)
[Pipeline] git
The recommended git tool is: NONE
No credentials specified
Cloning the remote Git repository
Cloning repository https://github.com/InzynieriaOprogramowaniaAGH/MDO2025_INO.git
 > git init /var/jenkins_home/workspace/pipeline # timeout=10
Fetching upstream changes from https://github.com/InzynieriaOprogramowaniaAGH/MDO2025_INO.git
 > git --version # timeout=10
 > git --version # 'git version 2.39.5'
 > git fetch --tags --force --progress -- https://github.com/InzynieriaOprogramowaniaAGH/MDO2025_INO.git +refs/heads/*:refs/remotes/origin/* # timeout=10
 > git config remote.origin.url https://github.com/InzynieriaOprogramowaniaAGH/MDO2025_INO.git # timeout=10
 > git config --add remote.origin.fetch +refs/heads/*:refs/remotes/origin/* # timeout=10
Avoid second fetch
 > git rev-parse refs/remotes/origin/KB415987^{commit} # timeout=10
Checking out Revision 3b9191d48b2104541dca353ba10eeaa0412a9931 (refs/remotes/origin/KB415987)
 > git config core.sparsecheckout # timeout=10
 > git checkout -f 3b9191d48b2104541dca353ba10eeaa0412a9931 # timeout=10
 > git branch -a -v --no-abbrev # timeout=10
 > git checkout -b KB415987 3b9191d48b2104541dca353ba10eeaa0412a9931 # timeout=10
Commit message: "KB415987: ......."
First time build. Skipping changelog.
[Pipeline] }
[Pipeline] // stage
[Pipeline] stage
[Pipeline] { (Prune)
[Pipeline] sh
+ docker builder prune -af
ID						RECLAIMABLE	SIZE		LAST ACCESSED
yc4m2rg3jrqgusqcsn7286oh7*              	true 		66B       	21 minutes ago
k9477uqyf4nuriymkg2m3cl92*              	true 	0B        	21 minutes ago
ihumc1nbgktbuvfd90wvhy0g0               	true 	3.123MB   	21 minutes ago
y3si2s4rkhkpeekyfpzwvy5yq               	true 	0B        	21 minutes ago
mma1p2pgqph3u4sg07p8lei3i               	true 	0B        	22 minutes ago
ysyfr79lvcndptl6yfmb9ko4a               	true 	0B        	38 minutes ago
tvsdw3ilu3l6p2ons4ynq7qo1               	true 	4.167MB   	38 minutes ago
g7ix6cnebpm4x8gkrjauob8tz               	true 	0B        	22 minutes ago
z7vojkc9qwewmt9ayaykkb69c               	true 	0B        	22 minutes ago
kitksba4gtbtsifra37b2coya               	true 	0B        	38 minutes ago
vd9zsch1tt1t2f9yxz4d1d3b7               	true 	485.2MB   	38 minutes ago
u77btwhx474fletl9mlohdjbq               	true 	0B        	22 minutes ago
q5l1zfu77karu7ppk7ta9oodz               	true 	0B        	22 minutes ago
ct7r9dncilijq4yydmrq11v95               	true 	0B        	22 minutes ago
Total:	492.5MB
[Pipeline] }
[Pipeline] // stage
[Pipeline] stage
[Pipeline] { (Build)
[Pipeline] dir
Running in /var/jenkins_home/workspace/pipeline/INO/GCL01/KB415987/Sprawozdanie2/jenkinsfile
[Pipeline] {
[Pipeline] script
[Pipeline] {
[Pipeline] isUnix
[Pipeline] withEnv
[Pipeline] {
[Pipeline] sh
+ docker build -t cjson_bld_img -f Dockerfile.build .
#0 building with "default" instance using docker driver

#1 [internal] load build definition from Dockerfile.build
#1 transferring dockerfile:
#1 transferring dockerfile: 579B done
#1 DONE 0.2s

#2 [internal] load metadata for docker.io/library/ubuntu:22.04
#2 DONE 2.0s

#3 [internal] load .dockerignore
#3 transferring context: 2B done
#3 DONE 0.1s

#4 [1/6] FROM docker.io/library/ubuntu:22.04@sha256:67cadaff1dca187079fce41360d5a7eb6f7dcd3745e53c79ad5efd8563118240
#4 resolve docker.io/library/ubuntu:22.04@sha256:67cadaff1dca187079fce41360d5a7eb6f7dcd3745e53c79ad5efd8563118240 0.1s done
#4 sha256:215ed5a638430309375291c48a01872859a8dbf1331e54ba0af221918eb8ce2e 0B / 29.53MB 0.1s
#4 sha256:67cadaff1dca187079fce41360d5a7eb6f7dcd3745e53c79ad5efd8563118240 6.69kB / 6.69kB done
#4 sha256:899ec23064539c814a4dbbf98d4baf0e384e4394ebc8638bea7bbe4cb8ef4e12 424B / 424B done
#4 sha256:c42dedf797ba5e7e37e744cdd998e1db046375c702d6dc8a822b422189b019bb 2.30kB / 2.30kB done
#4 sha256:215ed5a638430309375291c48a01872859a8dbf1331e54ba0af221918eb8ce2e 2.10MB / 29.53MB 0.5s
#4 sha256:215ed5a638430309375291c48a01872859a8dbf1331e54ba0af221918eb8ce2e 4.19MB / 29.53MB 0.6s
#4 sha256:215ed5a638430309375291c48a01872859a8dbf1331e54ba0af221918eb8ce2e 7.34MB / 29.53MB 0.9s
#4 sha256:215ed5a638430309375291c48a01872859a8dbf1331e54ba0af221918eb8ce2e 9.44MB / 29.53MB 1.1s
#4 sha256:215ed5a638430309375291c48a01872859a8dbf1331e54ba0af221918eb8ce2e 11.53MB / 29.53MB 1.3s
#4 sha256:215ed5a638430309375291c48a01872859a8dbf1331e54ba0af221918eb8ce2e 14.68MB / 29.53MB 1.5s
#4 sha256:215ed5a638430309375291c48a01872859a8dbf1331e54ba0af221918eb8ce2e 16.78MB / 29.53MB 1.7s
#4 sha256:215ed5a638430309375291c48a01872859a8dbf1331e54ba0af221918eb8ce2e 18.87MB / 29.53MB 1.9s
#4 sha256:215ed5a638430309375291c48a01872859a8dbf1331e54ba0af221918eb8ce2e 20.97MB / 29.53MB 2.1s
#4 sha256:215ed5a638430309375291c48a01872859a8dbf1331e54ba0af221918eb8ce2e 24.12MB / 29.53MB 2.3s
#4 sha256:215ed5a638430309375291c48a01872859a8dbf1331e54ba0af221918eb8ce2e 27.26MB / 29.53MB 2.6s
#4 sha256:215ed5a638430309375291c48a01872859a8dbf1331e54ba0af221918eb8ce2e 29.53MB / 29.53MB 2.8s
#4 sha256:215ed5a638430309375291c48a01872859a8dbf1331e54ba0af221918eb8ce2e 29.53MB / 29.53MB 2.8s done
#4 extracting sha256:215ed5a638430309375291c48a01872859a8dbf1331e54ba0af221918eb8ce2e
#4 extracting sha256:215ed5a638430309375291c48a01872859a8dbf1331e54ba0af221918eb8ce2e 3.8s done
#4 DONE 7.3s

#5 [2/6] RUN apt update &&     apt install -y git cmake gcc g++ make ruby ruby-dev rpm rubygems tzdata &&     gem install --no-document fpm
#5 0.354 
#5 0.356 WARNING: apt does not have a stable CLI interface. Use with caution in scripts.
#5 0.356 
#5 0.630 Get:1 http://security.ubuntu.com/ubuntu jammy-security InRelease [129 kB]
#5 0.837 Get:2 http://archive.ubuntu.com/ubuntu jammy InRelease [270 kB]
#5 0.983 Get:3 http://security.ubuntu.com/ubuntu jammy-security/universe amd64 Packages [1245 kB]
#5 1.096 Get:4 http://archive.ubuntu.com/ubuntu jammy-updates InRelease [128 kB]
#5 1.482 Get:5 http://security.ubuntu.com/ubuntu jammy-security/multiverse amd64 Packages [47.7 kB]
#5 1.579 Get:6 http://security.ubuntu.com/ubuntu jammy-security/restricted amd64 Packages [4282 kB]
#5 1.676 Get:7 http://archive.ubuntu.com/ubuntu jammy-backports InRelease [127 kB]
#5 1.778 Get:8 http://archive.ubuntu.com/ubuntu jammy/universe amd64 Packages [17.5 MB]
#5 2.474 Get:9 http://security.ubuntu.com/ubuntu jammy-security/main amd64 Packages [2901 kB]
#5 3.949 Get:10 http://archive.ubuntu.com/ubuntu jammy/main amd64 Packages [1792 kB]
#5 4.356 Get:11 http://archive.ubuntu.com/ubuntu jammy/restricted amd64 Packages [164 kB]
#5 4.458 Get:12 http://archive.ubuntu.com/ubuntu jammy/multiverse amd64 Packages [266 kB]
#5 4.560 Get:13 http://archive.ubuntu.com/ubuntu jammy-updates/main amd64 Packages [3211 kB]
#5 5.076 Get:14 http://archive.ubuntu.com/ubuntu jammy-updates/restricted amd64 Packages [4436 kB]
#5 5.831 Get:15 http://archive.ubuntu.com/ubuntu jammy-updates/multiverse amd64 Packages [55.7 kB]
#5 5.919 Get:16 http://archive.ubuntu.com/ubuntu jammy-updates/universe amd64 Packages [1546 kB]
#5 6.284 Get:17 http://archive.ubuntu.com/ubuntu jammy-backports/universe amd64 Packages [35.2 kB]
#5 6.522 Get:18 http://archive.ubuntu.com/ubuntu jammy-backports/main amd64 Packages [83.2 kB]
#5 6.546 Fetched 38.2 MB in 6s (6217 kB/s)
#5 6.546 Reading package lists...
#5 7.864 Building dependency tree...
#5 8.059 Reading state information...
#5 8.076 All packages are up to date.
#5 8.087 
#5 8.088 WARNING: apt does not have a stable CLI interface. Use with caution in scripts.
#5 8.088 
#5 8.137 Reading package lists...
#5 9.459 Building dependency tree...
#5 9.635 Reading state information...
#5 9.909 The following additional packages will be installed:
#5 9.910   binutils binutils-common binutils-x86-64-linux-gnu ca-certificates
#5 9.910   cmake-data cpp cpp-11 dbus debugedit dh-elpa-helper emacsen-common
#5 9.910   fontconfig-config fonts-dejavu-core fonts-lato g++-11 gcc-11 gcc-11-base
#5 9.910   git-man javascript-common less libapparmor1 libarchive13 libasan6 libatomic1
#5 9.910   libbinutils libbrotli1 libbsd0 libc-dev-bin libc-devtools libc6-dev
#5 9.910   libcbor0.8 libcc1-0 libcrypt-dev libctf-nobfd0 libctf0 libcurl3-gnutls
#5 9.910   libcurl4 libdbus-1-3 libdeflate0 libdw1 libedit2 libelf1 liberror-perl
#5 9.910   libexpat1 libfido2-1 libfontconfig1 libfreetype6 libfsverity0 libgcc-11-dev
#5 9.910   libgd3 libgdbm-compat4 libgdbm6 libgmp-dev libgmpxx4ldbl libgomp1 libicu70
#5 9.910   libisl23 libitm1 libjbig0 libjpeg-turbo8 libjpeg8 libjs-jquery libjsoncpp25
#5 9.910   libldap-2.5-0 libldap-common liblsan0 liblua5.3-0 libmagic-mgc libmagic1
#5 9.911   libmd0 libmpc3 libmpfr6 libnghttp2-14 libnsl-dev libperl5.34 libpng16-16
#5 9.911   libpopt0 libpsl5 libquadmath0 librhash0 librpm9 librpmbuild9 librpmio9
#5 9.911   librpmsign9 librtmp1 libruby3.0 libsasl2-2 libsasl2-modules
#5 9.911   libsasl2-modules-db libsqlite3-0 libssh-4 libstdc++-11-dev libtiff5
#5 9.911   libtirpc-dev libtsan0 libubsan1 libuv1 libwebp7 libx11-6 libx11-data libxau6
#5 9.912   libxcb1 libxdmcp6 libxext6 libxml2 libxmuu1 libxpm4 libyaml-0-2
#5 9.912   linux-libc-dev manpages manpages-dev netbase openssh-client openssl patch
#5 9.913   perl perl-modules-5.34 publicsuffix rake rpcsvc-proto rpm-common rpm2cpio
#5 9.913   ruby-net-telnet ruby-rubygems ruby-webrick ruby-xmlrpc ruby3.0 ruby3.0-dev
#5 9.913   ruby3.0-doc rubygems-integration ucf unzip xauth zip
#5 9.914 Suggested packages:
#5 9.914   binutils-doc cmake-doc ninja-build cmake-format cpp-doc gcc-11-locales
#5 9.914   default-dbus-session-bus | dbus-session-bus g++-multilib g++-11-multilib
#5 9.914   gcc-11-doc gcc-multilib autoconf automake libtool flex bison gdb gcc-doc
#5 9.914   gcc-11-multilib gettext-base git-daemon-run | git-daemon-sysvinit git-doc
#5 9.914   git-email git-gui gitk gitweb git-cvs git-mediawiki git-svn apache2
#5 9.914   | lighttpd | httpd lrzip glibc-doc libgd-tools gdbm-l10n gmp-doc
#5 9.914   libgmp10-doc libmpfr-dev file libsasl2-modules-gssapi-mit
#5 9.914   | libsasl2-modules-gssapi-heimdal libsasl2-modules-ldap libsasl2-modules-otp
#5 9.914   libsasl2-modules-sql libstdc++-11-doc make-doc man-browser keychain
#5 9.914   libpam-ssh monkeysphere ssh-askpass ed diffutils-doc perl-doc
#5 9.914   libterm-readline-gnu-perl | libterm-readline-perl-perl
#5 9.914   libtap-harness-archive-perl alien python3 elfutils rpmlint rpm-i18n ri
#5 9.914   bundler
#5 10.23 The following NEW packages will be installed:
#5 10.23   binutils binutils-common binutils-x86-64-linux-gnu ca-certificates cmake
#5 10.23   cmake-data cpp cpp-11 dbus debugedit dh-elpa-helper emacsen-common
#5 10.23   fontconfig-config fonts-dejavu-core fonts-lato g++ g++-11 gcc gcc-11
#5 10.23   gcc-11-base git git-man javascript-common less libapparmor1 libarchive13
#5 10.23   libasan6 libatomic1 libbinutils libbrotli1 libbsd0 libc-dev-bin
#5 10.23   libc-devtools libc6-dev libcbor0.8 libcc1-0 libcrypt-dev libctf-nobfd0
#5 10.23   libctf0 libcurl3-gnutls libcurl4 libdbus-1-3 libdeflate0 libdw1 libedit2
#5 10.23   libelf1 liberror-perl libexpat1 libfido2-1 libfontconfig1 libfreetype6
#5 10.23   libfsverity0 libgcc-11-dev libgd3 libgdbm-compat4 libgdbm6 libgmp-dev
#5 10.23   libgmpxx4ldbl libgomp1 libicu70 libisl23 libitm1 libjbig0 libjpeg-turbo8
#5 10.23   libjpeg8 libjs-jquery libjsoncpp25 libldap-2.5-0 libldap-common liblsan0
#5 10.23   liblua5.3-0 libmagic-mgc libmagic1 libmd0 libmpc3 libmpfr6 libnghttp2-14
#5 10.23   libnsl-dev libperl5.34 libpng16-16 libpopt0 libpsl5 libquadmath0 librhash0
#5 10.23   librpm9 librpmbuild9 librpmio9 librpmsign9 librtmp1 libruby3.0 libsasl2-2
#5 10.23   libsasl2-modules libsasl2-modules-db libsqlite3-0 libssh-4 libstdc++-11-dev
#5 10.23   libtiff5 libtirpc-dev libtsan0 libubsan1 libuv1 libwebp7 libx11-6
#5 10.23   libx11-data libxau6 libxcb1 libxdmcp6 libxext6 libxml2 libxmuu1 libxpm4
#5 10.23   libyaml-0-2 linux-libc-dev make manpages manpages-dev netbase openssh-client
#5 10.23   openssl patch perl perl-modules-5.34 publicsuffix rake rpcsvc-proto rpm
#5 10.23   rpm-common rpm2cpio ruby ruby-dev ruby-net-telnet ruby-rubygems ruby-webrick
#5 10.23   ruby-xmlrpc ruby3.0 ruby3.0-dev ruby3.0-doc rubygems-integration tzdata ucf
#5 10.24   unzip xauth zip
#5 10.50 0 upgraded, 143 newly installed, 0 to remove and 0 not upgraded.
#5 10.50 Need to get 120 MB of archives.
#5 10.50 After this operation, 457 MB of additional disk space will be used.
#5 10.50 Get:1 http://archive.ubuntu.com/ubuntu jammy/main amd64 fonts-lato all 2.0-2.1 [2696 kB]
#5 11.57 Get:2 http://archive.ubuntu.com/ubuntu jammy-updates/main amd64 perl-modules-5.34 all 5.34.0-3ubuntu1.4 [2977 kB]
#5 12.68 Get:3 http://archive.ubuntu.com/ubuntu jammy/main amd64 libgdbm6 amd64 1.23-1 [33.9 kB]
#5 12.78 Get:4 http://archive.ubuntu.com/ubuntu jammy/main amd64 libgdbm-compat4 amd64 1.23-1 [6606 B]
#5 12.87 Get:5 http://archive.ubuntu.com/ubuntu jammy-updates/main amd64 libperl5.34 amd64 5.34.0-3ubuntu1.4 [4820 kB]
#5 13.64 Get:6 http://archive.ubuntu.com/ubuntu jammy-updates/main amd64 perl amd64 5.34.0-3ubuntu1.4 [232 kB]
#5 13.75 Get:7 http://archive.ubuntu.com/ubuntu jammy-updates/main amd64 openssl amd64 3.0.2-0ubuntu1.19 [1186 kB]
#5 14.25 Get:8 http://archive.ubuntu.com/ubuntu jammy-updates/main amd64 ca-certificates all 20240203~22.04.1 [162 kB]
#5 14.36 Get:9 http://archive.ubuntu.com/ubuntu jammy-updates/main amd64 libapparmor1 amd64 3.0.4-2ubuntu2.4 [39.7 kB]
#5 14.45 Get:10 http://archive.ubuntu.com/ubuntu jammy-updates/main amd64 libdbus-1-3 amd64 1.12.20-2ubuntu4.1 [189 kB]
#5 14.56 Get:11 http://archive.ubuntu.com/ubuntu jammy-updates/main amd64 libexpat1 amd64 2.4.7-1ubuntu0.6 [92.1 kB]
#5 14.66 Get:12 http://archive.ubuntu.com/ubuntu jammy-updates/main amd64 dbus amd64 1.12.20-2ubuntu4.1 [158 kB]
#5 14.77 Get:13 http://archive.ubuntu.com/ubuntu jammy-updates/main amd64 less amd64 590-1ubuntu0.22.04.3 [142 kB]
#5 14.87 Get:14 http://archive.ubuntu.com/ubuntu jammy/main amd64 libmd0 amd64 1.0.4-1build1 [23.0 kB]
#5 14.96 Get:15 http://archive.ubuntu.com/ubuntu jammy/main amd64 libbsd0 amd64 0.11.5-1 [44.8 kB]
#5 15.19 Get:16 http://archive.ubuntu.com/ubuntu jammy-updates/main amd64 libelf1 amd64 0.186-1ubuntu0.1 [51.1 kB]
#5 15.43 Get:17 http://archive.ubuntu.com/ubuntu jammy/main amd64 libicu70 amd64 70.1-2 [10.6 MB]
#5 17.06 Get:18 http://archive.ubuntu.com/ubuntu jammy/main amd64 libpopt0 amd64 1.18-3build1 [28.2 kB]
#5 17.19 Get:19 http://archive.ubuntu.com/ubuntu jammy-updates/main amd64 libsqlite3-0 amd64 3.37.2-2ubuntu0.3 [641 kB]
#5 17.48 Get:20 http://archive.ubuntu.com/ubuntu jammy-updates/main amd64 libxml2 amd64 2.9.13+dfsg-1ubuntu0.7 [763 kB]
#5 17.94 Get:21 http://archive.ubuntu.com/ubuntu jammy/main amd64 libyaml-0-2 amd64 0.2.2-1build2 [51.6 kB]
#5 18.18 Get:22 http://archive.ubuntu.com/ubuntu jammy/main amd64 netbase all 6.3 [12.9 kB]
#5 18.27 Get:23 http://archive.ubuntu.com/ubuntu jammy-updates/main amd64 tzdata all 2025b-0ubuntu0.22.04 [347 kB]
#5 18.54 Get:24 http://archive.ubuntu.com/ubuntu jammy/main amd64 ucf all 3.0043 [56.1 kB]
#5 18.63 Get:25 http://archive.ubuntu.com/ubuntu jammy/main amd64 libcbor0.8 amd64 0.8.0-2ubuntu1 [24.6 kB]
#5 18.73 Get:26 http://archive.ubuntu.com/ubuntu jammy/main amd64 libedit2 amd64 3.1-20210910-1build1 [96.8 kB]
#5 18.96 Get:27 http://archive.ubuntu.com/ubuntu jammy/main amd64 libfido2-1 amd64 1.10.0-1 [82.8 kB]
#5 19.07 Get:28 http://archive.ubuntu.com/ubuntu jammy-updates/main amd64 libmagic-mgc amd64 1:5.41-3ubuntu0.1 [257 kB]
#5 19.18 Get:29 http://archive.ubuntu.com/ubuntu jammy-updates/main amd64 libmagic1 amd64 1:5.41-3ubuntu0.1 [87.2 kB]
#5 19.28 Get:30 http://archive.ubuntu.com/ubuntu jammy-updates/main amd64 libnghttp2-14 amd64 1.43.0-1ubuntu0.2 [76.9 kB]
#5 19.37 Get:31 http://archive.ubuntu.com/ubuntu jammy/main amd64 libpng16-16 amd64 1.6.37-3build5 [191 kB]
#5 19.62 Get:32 http://archive.ubuntu.com/ubuntu jammy/main amd64 libpsl5 amd64 0.21.0-1.2build2 [58.4 kB]
#5 19.71 Get:33 http://archive.ubuntu.com/ubuntu jammy-updates/main amd64 libuv1 amd64 1.43.0-1ubuntu0.1 [92.7 kB]
#5 19.95 Get:34 http://archive.ubuntu.com/ubuntu jammy/main amd64 libxau6 amd64 1:1.0.9-1build5 [7634 B]
#5 20.17 Get:35 http://archive.ubuntu.com/ubuntu jammy/main amd64 libxdmcp6 amd64 1:1.1.3-0ubuntu5 [10.9 kB]
#5 20.26 Get:36 http://archive.ubuntu.com/ubuntu jammy/main amd64 libxcb1 amd64 1.14-3ubuntu3 [49.0 kB]
#5 20.35 Get:37 http://archive.ubuntu.com/ubuntu jammy-updates/main amd64 libx11-data all 2:1.7.5-1ubuntu0.3 [120 kB]
#5 20.59 Get:38 http://archive.ubuntu.com/ubuntu jammy-updates/main amd64 libx11-6 amd64 2:1.7.5-1ubuntu0.3 [667 kB]
#5 21.28 Get:39 http://archive.ubuntu.com/ubuntu jammy/main amd64 libxext6 amd64 2:1.3.4-1build1 [31.8 kB]
#5 21.52 Get:40 http://archive.ubuntu.com/ubuntu jammy/main amd64 libxmuu1 amd64 2:1.1.3-3 [10.2 kB]
#5 21.62 Get:41 http://archive.ubuntu.com/ubuntu jammy/main amd64 manpages all 5.10-1ubuntu1 [1375 kB]
#5 22.09 Get:42 http://archive.ubuntu.com/ubuntu jammy-updates/main amd64 openssh-client amd64 1:8.9p1-3ubuntu0.13 [903 kB]
#5 22.98 Get:43 http://archive.ubuntu.com/ubuntu jammy/main amd64 publicsuffix all 20211207.1025-1 [129 kB]
#5 23.23 Get:44 http://archive.ubuntu.com/ubuntu jammy/main amd64 xauth amd64 1:1.1-1build2 [27.5 kB]
#5 23.35 Get:45 http://archive.ubuntu.com/ubuntu jammy-updates/main amd64 binutils-common amd64 2.38-4ubuntu2.8 [223 kB]
#5 23.61 Get:46 http://archive.ubuntu.com/ubuntu jammy-updates/main amd64 libbinutils amd64 2.38-4ubuntu2.8 [661 kB]
#5 24.45 Get:47 http://archive.ubuntu.com/ubuntu jammy-updates/main amd64 libctf-nobfd0 amd64 2.38-4ubuntu2.8 [108 kB]
#5 24.56 Get:48 http://archive.ubuntu.com/ubuntu jammy-updates/main amd64 libctf0 amd64 2.38-4ubuntu2.8 [103 kB]
#5 24.81 Get:49 http://archive.ubuntu.com/ubuntu jammy-updates/main amd64 binutils-x86-64-linux-gnu amd64 2.38-4ubuntu2.8 [2324 kB]
#5 25.83 Get:50 http://archive.ubuntu.com/ubuntu jammy-updates/main amd64 binutils amd64 2.38-4ubuntu2.8 [3196 B]
#5 25.85 Get:51 http://archive.ubuntu.com/ubuntu jammy-updates/main amd64 libarchive13 amd64 3.6.0-1ubuntu1.4 [368 kB]
#5 25.99 Get:52 http://archive.ubuntu.com/ubuntu jammy/main amd64 libbrotli1 amd64 1.0.9-2build6 [315 kB]
#5 26.12 Get:53 http://archive.ubuntu.com/ubuntu jammy-updates/main amd64 libsasl2-modules-db amd64 2.1.27+dfsg2-3ubuntu1.2 [20.5 kB]
#5 26.36 Get:54 http://archive.ubuntu.com/ubuntu jammy-updates/main amd64 libsasl2-2 amd64 2.1.27+dfsg2-3ubuntu1.2 [53.8 kB]
#5 26.58 Get:55 http://archive.ubuntu.com/ubuntu jammy-updates/main amd64 libldap-2.5-0 amd64 2.5.18+dfsg-0ubuntu0.22.04.3 [183 kB]
#5 26.83 Get:56 http://archive.ubuntu.com/ubuntu jammy/main amd64 librtmp1 amd64 2.4+20151223.gitfa8646d.1-2build4 [58.2 kB]
#5 27.06 Get:57 http://archive.ubuntu.com/ubuntu jammy-updates/main amd64 libssh-4 amd64 0.9.6-2ubuntu0.22.04.3 [186 kB]
#5 27.16 Get:58 http://archive.ubuntu.com/ubuntu jammy-updates/main amd64 libcurl4 amd64 7.81.0-1ubuntu1.20 [289 kB]
#5 27.27 Get:59 http://archive.ubuntu.com/ubuntu jammy/main amd64 libjsoncpp25 amd64 1.9.5-3 [80.0 kB]
#5 27.37 Get:60 http://archive.ubuntu.com/ubuntu jammy/main amd64 librhash0 amd64 1.4.2-1ubuntu1 [125 kB]
#5 27.48 Get:61 http://archive.ubuntu.com/ubuntu jammy/main amd64 dh-elpa-helper all 2.0.9ubuntu1 [7610 B]
#5 27.71 Get:62 http://archive.ubuntu.com/ubuntu jammy/main amd64 emacsen-common all 3.0.4 [14.9 kB]
#5 27.94 Get:63 http://archive.ubuntu.com/ubuntu jammy-updates/main amd64 cmake-data all 3.22.1-1ubuntu1.22.04.2 [1913 kB]
#5 28.83 Get:64 http://archive.ubuntu.com/ubuntu jammy-updates/main amd64 cmake amd64 3.22.1-1ubuntu1.22.04.2 [5010 kB]
#5 29.55 Get:65 http://archive.ubuntu.com/ubuntu jammy-updates/main amd64 gcc-11-base amd64 11.4.0-1ubuntu1~22.04 [20.2 kB]
#5 29.64 Get:66 http://archive.ubuntu.com/ubuntu jammy/main amd64 libisl23 amd64 0.24-2build1 [727 kB]
#5 29.93 Get:67 http://archive.ubuntu.com/ubuntu jammy/main amd64 libmpfr6 amd64 4.1.0-3build3 [1425 kB]
#5 30.43 Get:68 http://archive.ubuntu.com/ubuntu jammy/main amd64 libmpc3 amd64 1.2.1-2build1 [46.9 kB]
#5 30.66 Get:69 http://archive.ubuntu.com/ubuntu jammy-updates/main amd64 cpp-11 amd64 11.4.0-1ubuntu1~22.04 [10.0 MB]
#5 32.37 Get:70 http://archive.ubuntu.com/ubuntu jammy/main amd64 cpp amd64 4:11.2.0-1ubuntu1 [27.7 kB]
#5 32.46 Get:71 http://archive.ubuntu.com/ubuntu jammy-updates/main amd64 libdw1 amd64 0.186-1ubuntu0.1 [251 kB]
#5 32.58 Get:72 http://archive.ubuntu.com/ubuntu jammy/main amd64 debugedit amd64 1:5.0-4build1 [47.2 kB]
#5 32.73 Get:73 http://archive.ubuntu.com/ubuntu jammy/main amd64 fonts-dejavu-core all 2.37-2build1 [1041 kB]
#5 33.23 Get:74 http://archive.ubuntu.com/ubuntu jammy/main amd64 fontconfig-config all 2.13.1-4.2ubuntu5 [29.1 kB]
#5 33.33 Get:75 http://archive.ubuntu.com/ubuntu jammy-updates/main amd64 libcc1-0 amd64 12.3.0-1ubuntu1~22.04 [48.3 kB]
#5 33.43 Get:76 http://archive.ubuntu.com/ubuntu jammy-updates/main amd64 libgomp1 amd64 12.3.0-1ubuntu1~22.04 [126 kB]
#5 33.53 Get:77 http://archive.ubuntu.com/ubuntu jammy-updates/main amd64 libitm1 amd64 12.3.0-1ubuntu1~22.04 [30.2 kB]
#5 33.76 Get:78 http://archive.ubuntu.com/ubuntu jammy-updates/main amd64 libatomic1 amd64 12.3.0-1ubuntu1~22.04 [10.4 kB]
#5 33.99 Get:79 http://archive.ubuntu.com/ubuntu jammy-updates/main amd64 libasan6 amd64 11.4.0-1ubuntu1~22.04 [2282 kB]
#5 35.03 Get:80 http://archive.ubuntu.com/ubuntu jammy-updates/main amd64 liblsan0 amd64 12.3.0-1ubuntu1~22.04 [1069 kB]
#5 35.80 Get:81 http://archive.ubuntu.com/ubuntu jammy-updates/main amd64 libtsan0 amd64 11.4.0-1ubuntu1~22.04 [2260 kB]
#5 36.24 Get:82 http://archive.ubuntu.com/ubuntu jammy-updates/main amd64 libubsan1 amd64 12.3.0-1ubuntu1~22.04 [976 kB]
#5 36.55 Get:83 http://archive.ubuntu.com/ubuntu jammy-updates/main amd64 libquadmath0 amd64 12.3.0-1ubuntu1~22.04 [154 kB]
#5 36.81 Get:84 http://archive.ubuntu.com/ubuntu jammy-updates/main amd64 libgcc-11-dev amd64 11.4.0-1ubuntu1~22.04 [2517 kB]
#5 37.68 Get:85 http://archive.ubuntu.com/ubuntu jammy-updates/main amd64 gcc-11 amd64 11.4.0-1ubuntu1~22.04 [20.1 MB]
#5 39.77 Get:86 http://archive.ubuntu.com/ubuntu jammy/main amd64 gcc amd64 4:11.2.0-1ubuntu1 [5112 B]
#5 39.86 Get:87 http://archive.ubuntu.com/ubuntu jammy-updates/main amd64 libc-dev-bin amd64 2.35-0ubuntu3.9 [20.3 kB]
#5 39.95 Get:88 http://archive.ubuntu.com/ubuntu jammy-updates/main amd64 linux-libc-dev amd64 5.15.0-139.149 [1298 kB]
#5 40.29 Get:89 http://archive.ubuntu.com/ubuntu jammy/main amd64 libcrypt-dev amd64 1:4.4.27-1 [112 kB]
#5 40.38 Get:90 http://archive.ubuntu.com/ubuntu jammy/main amd64 rpcsvc-proto amd64 1.4.2-0ubuntu6 [68.5 kB]
#5 40.62 Get:91 http://archive.ubuntu.com/ubuntu jammy-updates/main amd64 libtirpc-dev amd64 1.3.2-2ubuntu0.1 [192 kB]
#5 40.87 Get:92 http://archive.ubuntu.com/ubuntu jammy/main amd64 libnsl-dev amd64 1.3.0-2build2 [71.3 kB]
#5 40.96 Get:93 http://archive.ubuntu.com/ubuntu jammy-updates/main amd64 libc6-dev amd64 2.35-0ubuntu3.9 [2100 kB]
#5 41.51 Get:94 http://archive.ubuntu.com/ubuntu jammy-updates/main amd64 libstdc++-11-dev amd64 11.4.0-1ubuntu1~22.04 [2101 kB]
#5 42.61 Get:95 http://archive.ubuntu.com/ubuntu jammy-updates/main amd64 g++-11 amd64 11.4.0-1ubuntu1~22.04 [11.4 MB]
#5 44.41 Get:96 http://archive.ubuntu.com/ubuntu jammy/main amd64 g++ amd64 4:11.2.0-1ubuntu1 [1412 B]
#5 44.64 Get:97 http://archive.ubuntu.com/ubuntu jammy-updates/main amd64 libcurl3-gnutls amd64 7.81.0-1ubuntu1.20 [284 kB]
#5 44.91 Get:98 http://archive.ubuntu.com/ubuntu jammy/main amd64 liberror-perl all 0.17029-1 [26.5 kB]
#5 45.00 Get:99 http://archive.ubuntu.com/ubuntu jammy-updates/main amd64 git-man all 1:2.34.1-1ubuntu1.12 [955 kB]
#5 45.30 Get:100 http://archive.ubuntu.com/ubuntu jammy-updates/main amd64 git amd64 1:2.34.1-1ubuntu1.12 [3165 kB]
#5 45.88 Get:101 http://archive.ubuntu.com/ubuntu jammy/main amd64 javascript-common all 11+nmu1 [5936 B]
#5 46.10 Get:102 http://archive.ubuntu.com/ubuntu jammy-updates/main amd64 libfreetype6 amd64 2.11.1+dfsg-1ubuntu0.3 [388 kB]
#5 46.22 Get:103 http://archive.ubuntu.com/ubuntu jammy/main amd64 libfontconfig1 amd64 2.13.1-4.2ubuntu5 [131 kB]
#5 46.46 Get:104 http://archive.ubuntu.com/ubuntu jammy/main amd64 libjpeg-turbo8 amd64 2.1.2-0ubuntu1 [134 kB]
#5 46.57 Get:105 http://archive.ubuntu.com/ubuntu jammy/main amd64 libjpeg8 amd64 8c-2ubuntu10 [2264 B]
#5 46.81 Get:106 http://archive.ubuntu.com/ubuntu jammy/main amd64 libdeflate0 amd64 1.10-2 [70.9 kB]
#5 46.91 Get:107 http://archive.ubuntu.com/ubuntu jammy-updates/main amd64 libjbig0 amd64 2.1-3.1ubuntu0.22.04.1 [29.2 kB]
#5 47.14 Get:108 http://archive.ubuntu.com/ubuntu jammy-updates/main amd64 libwebp7 amd64 1.2.2-2ubuntu0.22.04.2 [206 kB]
#5 47.39 Get:109 http://archive.ubuntu.com/ubuntu jammy-updates/main amd64 libtiff5 amd64 4.3.0-6ubuntu0.10 [185 kB]
#5 47.50 Get:110 http://archive.ubuntu.com/ubuntu jammy-updates/main amd64 libxpm4 amd64 1:3.5.12-1ubuntu0.22.04.2 [36.7 kB]
#5 47.59 Get:111 http://archive.ubuntu.com/ubuntu jammy-updates/main amd64 libgd3 amd64 2.3.0-2ubuntu2.3 [129 kB]
#5 47.70 Get:112 http://archive.ubuntu.com/ubuntu jammy-updates/main amd64 libc-devtools amd64 2.35-0ubuntu3.9 [29.0 kB]
#5 47.92 Get:113 http://archive.ubuntu.com/ubuntu jammy/universe amd64 libfsverity0 amd64 1.4-1~exp1build1 [10.4 kB]
#5 48.15 Get:114 http://archive.ubuntu.com/ubuntu jammy/main amd64 libgmpxx4ldbl amd64 2:6.2.1+dfsg-3ubuntu1 [9580 B]
#5 48.39 Get:115 http://archive.ubuntu.com/ubuntu jammy/main amd64 libgmp-dev amd64 2:6.2.1+dfsg-3ubuntu1 [337 kB]
#5 48.98 Get:116 http://archive.ubuntu.com/ubuntu jammy/main amd64 libjs-jquery all 3.6.0+dfsg+~3.5.13-1 [321 kB]
#5 49.10 Get:117 http://archive.ubuntu.com/ubuntu jammy-updates/main amd64 libldap-common all 2.5.18+dfsg-0ubuntu0.22.04.3 [15.8 kB]
#5 49.20 Get:118 http://archive.ubuntu.com/ubuntu jammy/main amd64 liblua5.3-0 amd64 5.3.6-1build1 [140 kB]
#5 49.40 Get:119 http://archive.ubuntu.com/ubuntu jammy/universe amd64 librpmio9 amd64 4.17.0+dfsg1-4build1 [93.2 kB]
#5 49.75 Get:120 http://archive.ubuntu.com/ubuntu jammy/universe amd64 librpm9 amd64 4.17.0+dfsg1-4build1 [189 kB]
#5 50.25 Get:121 http://archive.ubuntu.com/ubuntu jammy/universe amd64 librpmbuild9 amd64 4.17.0+dfsg1-4build1 [80.3 kB]
#5 50.43 Get:122 http://archive.ubuntu.com/ubuntu jammy/universe amd64 librpmsign9 amd64 4.17.0+dfsg1-4build1 [11.7 kB]
#5 50.53 Get:123 http://archive.ubuntu.com/ubuntu jammy/main amd64 rubygems-integration all 1.18 [5336 B]
#5 50.63 Get:124 http://archive.ubuntu.com/ubuntu jammy-updates/main amd64 ruby3.0 amd64 3.0.2-7ubuntu2.10 [50.1 kB]
#5 50.73 Get:125 http://archive.ubuntu.com/ubuntu jammy/main amd64 ruby-rubygems all 3.3.5-2 [228 kB]
#5 50.98 Get:126 http://archive.ubuntu.com/ubuntu jammy/main amd64 ruby amd64 1:3.0~exp1 [5100 B]
#5 51.07 Get:127 http://archive.ubuntu.com/ubuntu jammy/main amd64 rake all 13.0.6-2 [61.7 kB]
#5 51.30 Get:128 http://archive.ubuntu.com/ubuntu jammy/main amd64 ruby-net-telnet all 0.1.1-2 [12.6 kB]
#5 51.53 Get:129 http://archive.ubuntu.com/ubuntu jammy-updates/main amd64 ruby-webrick all 1.7.0-3ubuntu0.1 [52.1 kB]
#5 51.76 Get:130 http://archive.ubuntu.com/ubuntu jammy-updates/main amd64 ruby-xmlrpc all 0.3.2-1ubuntu0.1 [24.9 kB]
#5 51.86 Get:131 http://archive.ubuntu.com/ubuntu jammy-updates/main amd64 libruby3.0 amd64 3.0.2-7ubuntu2.10 [5114 kB]
#5 52.55 Get:132 http://archive.ubuntu.com/ubuntu jammy-updates/main amd64 libsasl2-modules amd64 2.1.27+dfsg2-3ubuntu1.2 [68.8 kB]
#5 52.79 Get:133 http://archive.ubuntu.com/ubuntu jammy/main amd64 make amd64 4.3-4.1build1 [180 kB]
#5 52.89 Get:134 http://archive.ubuntu.com/ubuntu jammy/main amd64 manpages-dev all 5.10-1ubuntu1 [2309 kB]
#5 53.32 Get:135 http://archive.ubuntu.com/ubuntu jammy/main amd64 patch amd64 2.7.6-7build2 [109 kB]
#5 53.55 Get:136 http://archive.ubuntu.com/ubuntu jammy/universe amd64 rpm-common amd64 4.17.0+dfsg1-4build1 [33.7 kB]
#5 53.93 Get:137 http://archive.ubuntu.com/ubuntu jammy/universe amd64 rpm2cpio amd64 4.17.0+dfsg1-4build1 [9882 B]
#5 54.16 Get:138 http://archive.ubuntu.com/ubuntu jammy/universe amd64 rpm amd64 4.17.0+dfsg1-4build1 [151 kB]
#5 54.63 Get:139 http://archive.ubuntu.com/ubuntu jammy-updates/main amd64 ruby3.0-dev amd64 3.0.2-7ubuntu2.10 [242 kB]
#5 54.86 Get:140 http://archive.ubuntu.com/ubuntu jammy/main amd64 ruby-dev amd64 1:3.0~exp1 [4328 B]
#5 55.08 Get:141 http://archive.ubuntu.com/ubuntu jammy-updates/main amd64 ruby3.0-doc all 3.0.2-7ubuntu2.10 [1858 kB]
#5 56.06 Get:142 http://archive.ubuntu.com/ubuntu jammy-updates/main amd64 unzip amd64 6.0-26ubuntu3.2 [175 kB]
#5 56.16 Get:143 http://archive.ubuntu.com/ubuntu jammy/main amd64 zip amd64 3.0-12build2 [176 kB]
#5 56.46 debconf: delaying package configuration, since apt-utils is not installed
#5 56.50 Fetched 120 MB in 46s (2617 kB/s)
#5 56.56 Selecting previously unselected package fonts-lato.
#5 56.56 (Reading database ... (Reading database ... 5%(Reading database ... 10%(Reading database ... 15%(Reading database ... 20%(Reading database ... 25%(Reading database ... 30%(Reading database ... 35%(Reading database ... 40%(Reading database ... 45%(Reading database ... 50%(Reading database ... 55%(Reading database ... 60%(Reading database ... 65%(Reading database ... 70%(Reading database ... 75%(Reading database ... 80%(Reading database ... 85%(Reading database ... 90%(Reading database ... 95%(Reading database ... 100%(Reading database ... 4393 files and directories currently installed.)
#5 56.56 Preparing to unpack .../000-fonts-lato_2.0-2.1_all.deb ...
#5 56.61 Unpacking fonts-lato (2.0-2.1) ...
#5 57.12 Selecting previously unselected package perl-modules-5.34.
#5 57.12 Preparing to unpack .../001-perl-modules-5.34_5.34.0-3ubuntu1.4_all.deb ...
#5 57.13 Unpacking perl-modules-5.34 (5.34.0-3ubuntu1.4) ...
#5 57.73 Selecting previously unselected package libgdbm6:amd64.
#5 57.73 Preparing to unpack .../002-libgdbm6_1.23-1_amd64.deb ...
#5 57.75 Unpacking libgdbm6:amd64 (1.23-1) ...
#5 57.84 Selecting previously unselected package libgdbm-compat4:amd64.
#5 57.84 Preparing to unpack .../003-libgdbm-compat4_1.23-1_amd64.deb ...
#5 57.85 Unpacking libgdbm-compat4:amd64 (1.23-1) ...
#5 57.93 Selecting previously unselected package libperl5.34:amd64.
#5 57.94 Preparing to unpack .../004-libperl5.34_5.34.0-3ubuntu1.4_amd64.deb ...
#5 57.95 Unpacking libperl5.34:amd64 (5.34.0-3ubuntu1.4) ...
#5 58.42 Selecting previously unselected package perl.
#5 58.42 Preparing to unpack .../005-perl_5.34.0-3ubuntu1.4_amd64.deb ...
#5 58.44 Unpacking perl (5.34.0-3ubuntu1.4) ...
#5 58.53 Selecting previously unselected package openssl.
#5 58.53 Preparing to unpack .../006-openssl_3.0.2-0ubuntu1.19_amd64.deb ...
#5 58.54 Unpacking openssl (3.0.2-0ubuntu1.19) ...
#5 58.67 Selecting previously unselected package ca-certificates.
#5 58.67 Preparing to unpack .../007-ca-certificates_20240203~22.04.1_all.deb ...
#5 58.68 Unpacking ca-certificates (20240203~22.04.1) ...
#5 58.81 Selecting previously unselected package libapparmor1:amd64.
#5 58.81 Preparing to unpack .../008-libapparmor1_3.0.4-2ubuntu2.4_amd64.deb ...
#5 58.82 Unpacking libapparmor1:amd64 (3.0.4-2ubuntu2.4) ...
#5 58.90 Selecting previously unselected package libdbus-1-3:amd64.
#5 58.90 Preparing to unpack .../009-libdbus-1-3_1.12.20-2ubuntu4.1_amd64.deb ...
#5 58.92 Unpacking libdbus-1-3:amd64 (1.12.20-2ubuntu4.1) ...
#5 59.00 Selecting previously unselected package libexpat1:amd64.
#5 59.00 Preparing to unpack .../010-libexpat1_2.4.7-1ubuntu0.6_amd64.deb ...
#5 59.01 Unpacking libexpat1:amd64 (2.4.7-1ubuntu0.6) ...
#5 59.09 Selecting previously unselected package dbus.
#5 59.10 Preparing to unpack .../011-dbus_1.12.20-2ubuntu4.1_amd64.deb ...
#5 59.13 Unpacking dbus (1.12.20-2ubuntu4.1) ...
#5 59.28 Selecting previously unselected package less.
#5 59.28 Preparing to unpack .../012-less_590-1ubuntu0.22.04.3_amd64.deb ...
#5 59.29 Unpacking less (590-1ubuntu0.22.04.3) ...
#5 59.39 Selecting previously unselected package libmd0:amd64.
#5 59.39 Preparing to unpack .../013-libmd0_1.0.4-1build1_amd64.deb ...
#5 59.40 Unpacking libmd0:amd64 (1.0.4-1build1) ...
#5 59.50 Selecting previously unselected package libbsd0:amd64.
#5 59.50 Preparing to unpack .../014-libbsd0_0.11.5-1_amd64.deb ...
#5 59.51 Unpacking libbsd0:amd64 (0.11.5-1) ...
#5 59.59 Selecting previously unselected package libelf1:amd64.
#5 59.59 Preparing to unpack .../015-libelf1_0.186-1ubuntu0.1_amd64.deb ...
#5 59.61 Unpacking libelf1:amd64 (0.186-1ubuntu0.1) ...
#5 59.68 Selecting previously unselected package libicu70:amd64.
#5 59.68 Preparing to unpack .../016-libicu70_70.1-2_amd64.deb ...
#5 59.70 Unpacking libicu70:amd64 (70.1-2) ...
#5 60.23 Selecting previously unselected package libpopt0:amd64.
#5 60.23 Preparing to unpack .../017-libpopt0_1.18-3build1_amd64.deb ...
#5 60.24 Unpacking libpopt0:amd64 (1.18-3build1) ...
#5 60.33 Selecting previously unselected package libsqlite3-0:amd64.
#5 60.33 Preparing to unpack .../018-libsqlite3-0_3.37.2-2ubuntu0.3_amd64.deb ...
#5 60.35 Unpacking libsqlite3-0:amd64 (3.37.2-2ubuntu0.3) ...
#5 60.51 Selecting previously unselected package libxml2:amd64.
#5 60.51 Preparing to unpack .../019-libxml2_2.9.13+dfsg-1ubuntu0.7_amd64.deb ...
#5 60.53 Unpacking libxml2:amd64 (2.9.13+dfsg-1ubuntu0.7) ...
#5 60.75 Selecting previously unselected package libyaml-0-2:amd64.
#5 60.75 Preparing to unpack .../020-libyaml-0-2_0.2.2-1build2_amd64.deb ...
#5 60.76 Unpacking libyaml-0-2:amd64 (0.2.2-1build2) ...
#5 60.92 Selecting previously unselected package netbase.
#5 60.93 Preparing to unpack .../021-netbase_6.3_all.deb ...
#5 60.94 Unpacking netbase (6.3) ...
#5 61.15 Selecting previously unselected package tzdata.
#5 61.17 Preparing to unpack .../022-tzdata_2025b-0ubuntu0.22.04_all.deb ...
#5 61.20 Unpacking tzdata (2025b-0ubuntu0.22.04) ...
#5 61.78 Selecting previously unselected package ucf.
#5 61.78 Preparing to unpack .../023-ucf_3.0043_all.deb ...
#5 61.80 Moving old data out of the way
#5 61.81 Unpacking ucf (3.0043) ...
#5 61.90 Selecting previously unselected package libcbor0.8:amd64.
#5 61.91 Preparing to unpack .../024-libcbor0.8_0.8.0-2ubuntu1_amd64.deb ...
#5 61.92 Unpacking libcbor0.8:amd64 (0.8.0-2ubuntu1) ...
#5 62.00 Selecting previously unselected package libedit2:amd64.
#5 62.01 Preparing to unpack .../025-libedit2_3.1-20210910-1build1_amd64.deb ...
#5 62.02 Unpacking libedit2:amd64 (3.1-20210910-1build1) ...
#5 62.11 Selecting previously unselected package libfido2-1:amd64.
#5 62.11 Preparing to unpack .../026-libfido2-1_1.10.0-1_amd64.deb ...
#5 62.12 Unpacking libfido2-1:amd64 (1.10.0-1) ...
#5 62.20 Selecting previously unselected package libmagic-mgc.
#5 62.20 Preparing to unpack .../027-libmagic-mgc_1%3a5.41-3ubuntu0.1_amd64.deb ...
#5 62.21 Unpacking libmagic-mgc (1:5.41-3ubuntu0.1) ...
#5 62.39 Selecting previously unselected package libmagic1:amd64.
#5 62.40 Preparing to unpack .../028-libmagic1_1%3a5.41-3ubuntu0.1_amd64.deb ...
#5 62.40 Unpacking libmagic1:amd64 (1:5.41-3ubuntu0.1) ...
#5 62.49 Selecting previously unselected package libnghttp2-14:amd64.
#5 62.49 Preparing to unpack .../029-libnghttp2-14_1.43.0-1ubuntu0.2_amd64.deb ...
#5 62.50 Unpacking libnghttp2-14:amd64 (1.43.0-1ubuntu0.2) ...
#5 62.57 Selecting previously unselected package libpng16-16:amd64.
#5 62.57 Preparing to unpack .../030-libpng16-16_1.6.37-3build5_amd64.deb ...
#5 62.58 Unpacking libpng16-16:amd64 (1.6.37-3build5) ...
#5 62.68 Selecting previously unselected package libpsl5:amd64.
#5 62.68 Preparing to unpack .../031-libpsl5_0.21.0-1.2build2_amd64.deb ...
#5 62.69 Unpacking libpsl5:amd64 (0.21.0-1.2build2) ...
#5 62.77 Selecting previously unselected package libuv1:amd64.
#5 62.77 Preparing to unpack .../032-libuv1_1.43.0-1ubuntu0.1_amd64.deb ...
#5 62.78 Unpacking libuv1:amd64 (1.43.0-1ubuntu0.1) ...
#5 62.86 Selecting previously unselected package libxau6:amd64.
#5 62.87 Preparing to unpack .../033-libxau6_1%3a1.0.9-1build5_amd64.deb ...
#5 62.87 Unpacking libxau6:amd64 (1:1.0.9-1build5) ...
#5 62.95 Selecting previously unselected package libxdmcp6:amd64.
#5 62.95 Preparing to unpack .../034-libxdmcp6_1%3a1.1.3-0ubuntu5_amd64.deb ...
#5 62.96 Unpacking libxdmcp6:amd64 (1:1.1.3-0ubuntu5) ...
#5 63.04 Selecting previously unselected package libxcb1:amd64.
#5 63.05 Preparing to unpack .../035-libxcb1_1.14-3ubuntu3_amd64.deb ...
#5 63.05 Unpacking libxcb1:amd64 (1.14-3ubuntu3) ...
#5 63.13 Selecting previously unselected package libx11-data.
#5 63.13 Preparing to unpack .../036-libx11-data_2%3a1.7.5-1ubuntu0.3_all.deb ...
#5 63.14 Unpacking libx11-data (2:1.7.5-1ubuntu0.3) ...
#5 63.26 Selecting previously unselected package libx11-6:amd64.
#5 63.26 Preparing to unpack .../037-libx11-6_2%3a1.7.5-1ubuntu0.3_amd64.deb ...
#5 63.27 Unpacking libx11-6:amd64 (2:1.7.5-1ubuntu0.3) ...
#5 63.37 Selecting previously unselected package libxext6:amd64.
#5 63.37 Preparing to unpack .../038-libxext6_2%3a1.3.4-1build1_amd64.deb ...
#5 63.38 Unpacking libxext6:amd64 (2:1.3.4-1build1) ...
#5 63.45 Selecting previously unselected package libxmuu1:amd64.
#5 63.46 Preparing to unpack .../039-libxmuu1_2%3a1.1.3-3_amd64.deb ...
#5 63.47 Unpacking libxmuu1:amd64 (2:1.1.3-3) ...
#5 63.54 Selecting previously unselected package manpages.
#5 63.54 Preparing to unpack .../040-manpages_5.10-1ubuntu1_all.deb ...
#5 63.55 Unpacking manpages (5.10-1ubuntu1) ...
#5 63.76 Selecting previously unselected package openssh-client.
#5 63.76 Preparing to unpack .../041-openssh-client_1%3a8.9p1-3ubuntu0.13_amd64.deb ...
#5 63.79 Unpacking openssh-client (1:8.9p1-3ubuntu0.13) ...
#5 63.92 Selecting previously unselected package publicsuffix.
#5 63.92 Preparing to unpack .../042-publicsuffix_20211207.1025-1_all.deb ...
#5 63.93 Unpacking publicsuffix (20211207.1025-1) ...
#5 64.01 Selecting previously unselected package xauth.
#5 64.01 Preparing to unpack .../043-xauth_1%3a1.1-1build2_amd64.deb ...
#5 64.02 Unpacking xauth (1:1.1-1build2) ...
#5 64.09 Selecting previously unselected package binutils-common:amd64.
#5 64.09 Preparing to unpack .../044-binutils-common_2.38-4ubuntu2.8_amd64.deb ...
#5 64.13 Unpacking binutils-common:amd64 (2.38-4ubuntu2.8) ...
#5 64.22 Selecting previously unselected package libbinutils:amd64.
#5 64.23 Preparing to unpack .../045-libbinutils_2.38-4ubuntu2.8_amd64.deb ...
#5 64.24 Unpacking libbinutils:amd64 (2.38-4ubuntu2.8) ...
#5 64.38 Selecting previously unselected package libctf-nobfd0:amd64.
#5 64.39 Preparing to unpack .../046-libctf-nobfd0_2.38-4ubuntu2.8_amd64.deb ...
#5 64.40 Unpacking libctf-nobfd0:amd64 (2.38-4ubuntu2.8) ...
#5 64.48 Selecting previously unselected package libctf0:amd64.
#5 64.48 Preparing to unpack .../047-libctf0_2.38-4ubuntu2.8_amd64.deb ...
#5 64.49 Unpacking libctf0:amd64 (2.38-4ubuntu2.8) ...
#5 64.56 Selecting previously unselected package binutils-x86-64-linux-gnu.
#5 64.57 Preparing to unpack .../048-binutils-x86-64-linux-gnu_2.38-4ubuntu2.8_amd64.deb ...
#5 64.58 Unpacking binutils-x86-64-linux-gnu (2.38-4ubuntu2.8) ...
#5 64.81 Selecting previously unselected package binutils.
#5 64.81 Preparing to unpack .../049-binutils_2.38-4ubuntu2.8_amd64.deb ...
#5 64.83 Unpacking binutils (2.38-4ubuntu2.8) ...
#5 64.92 Selecting previously unselected package libarchive13:amd64.
#5 64.92 Preparing to unpack .../050-libarchive13_3.6.0-1ubuntu1.4_amd64.deb ...
#5 64.93 Unpacking libarchive13:amd64 (3.6.0-1ubuntu1.4) ...
#5 65.01 Selecting previously unselected package libbrotli1:amd64.
#5 65.02 Preparing to unpack .../051-libbrotli1_1.0.9-2build6_amd64.deb ...
#5 65.03 Unpacking libbrotli1:amd64 (1.0.9-2build6) ...
#5 65.11 Selecting previously unselected package libsasl2-modules-db:amd64.
#5 65.12 Preparing to unpack .../052-libsasl2-modules-db_2.1.27+dfsg2-3ubuntu1.2_amd64.deb ...
#5 65.13 Unpacking libsasl2-modules-db:amd64 (2.1.27+dfsg2-3ubuntu1.2) ...
#5 65.21 Selecting previously unselected package libsasl2-2:amd64.
#5 65.22 Preparing to unpack .../053-libsasl2-2_2.1.27+dfsg2-3ubuntu1.2_amd64.deb ...
#5 65.23 Unpacking libsasl2-2:amd64 (2.1.27+dfsg2-3ubuntu1.2) ...
#5 65.31 Selecting previously unselected package libldap-2.5-0:amd64.
#5 65.31 Preparing to unpack .../054-libldap-2.5-0_2.5.18+dfsg-0ubuntu0.22.04.3_amd64.deb ...
#5 65.32 Unpacking libldap-2.5-0:amd64 (2.5.18+dfsg-0ubuntu0.22.04.3) ...
#5 65.41 Selecting previously unselected package librtmp1:amd64.
#5 65.41 Preparing to unpack .../055-librtmp1_2.4+20151223.gitfa8646d.1-2build4_amd64.deb ...
#5 65.42 Unpacking librtmp1:amd64 (2.4+20151223.gitfa8646d.1-2build4) ...
#5 65.50 Selecting previously unselected package libssh-4:amd64.
#5 65.50 Preparing to unpack .../056-libssh-4_0.9.6-2ubuntu0.22.04.3_amd64.deb ...
#5 65.51 Unpacking libssh-4:amd64 (0.9.6-2ubuntu0.22.04.3) ...
#5 65.61 Selecting previously unselected package libcurl4:amd64.
#5 65.61 Preparing to unpack .../057-libcurl4_7.81.0-1ubuntu1.20_amd64.deb ...
#5 65.62 Unpacking libcurl4:amd64 (7.81.0-1ubuntu1.20) ...
#5 65.71 Selecting previously unselected package libjsoncpp25:amd64.
#5 65.71 Preparing to unpack .../058-libjsoncpp25_1.9.5-3_amd64.deb ...
#5 65.72 Unpacking libjsoncpp25:amd64 (1.9.5-3) ...
#5 65.79 Selecting previously unselected package librhash0:amd64.
#5 65.79 Preparing to unpack .../059-librhash0_1.4.2-1ubuntu1_amd64.deb ...
#5 65.81 Unpacking librhash0:amd64 (1.4.2-1ubuntu1) ...
#5 65.89 Selecting previously unselected package dh-elpa-helper.
#5 65.89 Preparing to unpack .../060-dh-elpa-helper_2.0.9ubuntu1_all.deb ...
#5 65.90 Unpacking dh-elpa-helper (2.0.9ubuntu1) ...
#5 66.00 Selecting previously unselected package emacsen-common.
#5 66.00 Preparing to unpack .../061-emacsen-common_3.0.4_all.deb ...
#5 66.04 Unpacking emacsen-common (3.0.4) ...
#5 66.15 Selecting previously unselected package cmake-data.
#5 66.15 Preparing to unpack .../062-cmake-data_3.22.1-1ubuntu1.22.04.2_all.deb ...
#5 66.17 Unpacking cmake-data (3.22.1-1ubuntu1.22.04.2) ...
#5 67.34 Selecting previously unselected package cmake.
#5 67.34 Preparing to unpack .../063-cmake_3.22.1-1ubuntu1.22.04.2_amd64.deb ...
#5 67.36 Unpacking cmake (3.22.1-1ubuntu1.22.04.2) ...
#5 67.71 Selecting previously unselected package gcc-11-base:amd64.
#5 67.71 Preparing to unpack .../064-gcc-11-base_11.4.0-1ubuntu1~22.04_amd64.deb ...
#5 67.72 Unpacking gcc-11-base:amd64 (11.4.0-1ubuntu1~22.04) ...
#5 67.80 Selecting previously unselected package libisl23:amd64.
#5 67.80 Preparing to unpack .../065-libisl23_0.24-2build1_amd64.deb ...
#5 67.81 Unpacking libisl23:amd64 (0.24-2build1) ...
#5 67.94 Selecting previously unselected package libmpfr6:amd64.
#5 67.94 Preparing to unpack .../066-libmpfr6_4.1.0-3build3_amd64.deb ...
#5 67.95 Unpacking libmpfr6:amd64 (4.1.0-3build3) ...
#5 68.06 Selecting previously unselected package libmpc3:amd64.
#5 68.06 Preparing to unpack .../067-libmpc3_1.2.1-2build1_amd64.deb ...
#5 68.07 Unpacking libmpc3:amd64 (1.2.1-2build1) ...
#5 68.14 Selecting previously unselected package cpp-11.
#5 68.14 Preparing to unpack .../068-cpp-11_11.4.0-1ubuntu1~22.04_amd64.deb ...
#5 68.15 Unpacking cpp-11 (11.4.0-1ubuntu1~22.04) ...
#5 68.56 Selecting previously unselected package cpp.
#5 68.56 Preparing to unpack .../069-cpp_4%3a11.2.0-1ubuntu1_amd64.deb ...
#5 68.57 Unpacking cpp (4:11.2.0-1ubuntu1) ...
#5 68.65 Selecting previously unselected package libdw1:amd64.
#5 68.65 Preparing to unpack .../070-libdw1_0.186-1ubuntu0.1_amd64.deb ...
#5 68.66 Unpacking libdw1:amd64 (0.186-1ubuntu0.1) ...
#5 68.79 Selecting previously unselected package debugedit.
#5 68.80 Preparing to unpack .../071-debugedit_1%3a5.0-4build1_amd64.deb ...
#5 68.81 Unpacking debugedit (1:5.0-4build1) ...
#5 68.88 Selecting previously unselected package fonts-dejavu-core.
#5 68.89 Preparing to unpack .../072-fonts-dejavu-core_2.37-2build1_all.deb ...
#5 68.89 Unpacking fonts-dejavu-core (2.37-2build1) ...
#5 69.16 Selecting previously unselected package fontconfig-config.
#5 69.16 Preparing to unpack .../073-fontconfig-config_2.13.1-4.2ubuntu5_all.deb ...
#5 69.17 Unpacking fontconfig-config (2.13.1-4.2ubuntu5) ...
#5 69.27 Selecting previously unselected package libcc1-0:amd64.
#5 69.27 Preparing to unpack .../074-libcc1-0_12.3.0-1ubuntu1~22.04_amd64.deb ...
#5 69.28 Unpacking libcc1-0:amd64 (12.3.0-1ubuntu1~22.04) ...
#5 69.36 Selecting previously unselected package libgomp1:amd64.
#5 69.36 Preparing to unpack .../075-libgomp1_12.3.0-1ubuntu1~22.04_amd64.deb ...
#5 69.37 Unpacking libgomp1:amd64 (12.3.0-1ubuntu1~22.04) ...
#5 69.46 Selecting previously unselected package libitm1:amd64.
#5 69.46 Preparing to unpack .../076-libitm1_12.3.0-1ubuntu1~22.04_amd64.deb ...
#5 69.47 Unpacking libitm1:amd64 (12.3.0-1ubuntu1~22.04) ...
#5 69.56 Selecting previously unselected package libatomic1:amd64.
#5 69.56 Preparing to unpack .../077-libatomic1_12.3.0-1ubuntu1~22.04_amd64.deb ...
#5 69.57 Unpacking libatomic1:amd64 (12.3.0-1ubuntu1~22.04) ...
#5 69.65 Selecting previously unselected package libasan6:amd64.
#5 69.65 Preparing to unpack .../078-libasan6_11.4.0-1ubuntu1~22.04_amd64.deb ...
#5 69.66 Unpacking libasan6:amd64 (11.4.0-1ubuntu1~22.04) ...
#5 69.83 Selecting previously unselected package liblsan0:amd64.
#5 69.84 Preparing to unpack .../079-liblsan0_12.3.0-1ubuntu1~22.04_amd64.deb ...
#5 69.84 Unpacking liblsan0:amd64 (12.3.0-1ubuntu1~22.04) ...
#5 69.99 Selecting previously unselected package libtsan0:amd64.
#5 69.99 Preparing to unpack .../080-libtsan0_11.4.0-1ubuntu1~22.04_amd64.deb ...
#5 70.00 Unpacking libtsan0:amd64 (11.4.0-1ubuntu1~22.04) ...
#5 70.19 Selecting previously unselected package libubsan1:amd64.
#5 70.19 Preparing to unpack .../081-libubsan1_12.3.0-1ubuntu1~22.04_amd64.deb ...
#5 70.20 Unpacking libubsan1:amd64 (12.3.0-1ubuntu1~22.04) ...
#5 70.32 Selecting previously unselected package libquadmath0:amd64.
#5 70.32 Preparing to unpack .../082-libquadmath0_12.3.0-1ubuntu1~22.04_amd64.deb ...
#5 70.33 Unpacking libquadmath0:amd64 (12.3.0-1ubuntu1~22.04) ...
#5 70.40 Selecting previously unselected package libgcc-11-dev:amd64.
#5 70.41 Preparing to unpack .../083-libgcc-11-dev_11.4.0-1ubuntu1~22.04_amd64.deb ...
#5 70.45 Unpacking libgcc-11-dev:amd64 (11.4.0-1ubuntu1~22.04) ...
#5 70.69 Selecting previously unselected package gcc-11.
#5 70.69 Preparing to unpack .../084-gcc-11_11.4.0-1ubuntu1~22.04_amd64.deb ...
#5 70.70 Unpacking gcc-11 (11.4.0-1ubuntu1~22.04) ...
#5 71.44 Selecting previously unselected package gcc.
#5 71.44 Preparing to unpack .../085-gcc_4%3a11.2.0-1ubuntu1_amd64.deb ...
#5 71.46 Unpacking gcc (4:11.2.0-1ubuntu1) ...
#5 71.53 Selecting previously unselected package libc-dev-bin.
#5 71.53 Preparing to unpack .../086-libc-dev-bin_2.35-0ubuntu3.9_amd64.deb ...
#5 71.54 Unpacking libc-dev-bin (2.35-0ubuntu3.9) ...
#5 71.60 Selecting previously unselected package linux-libc-dev:amd64.
#5 71.61 Preparing to unpack .../087-linux-libc-dev_5.15.0-139.149_amd64.deb ...
#5 71.62 Unpacking linux-libc-dev:amd64 (5.15.0-139.149) ...
#5 72.30 Selecting previously unselected package libcrypt-dev:amd64.
#5 72.30 Preparing to unpack .../088-libcrypt-dev_1%3a4.4.27-1_amd64.deb ...
#5 72.33 Unpacking libcrypt-dev:amd64 (1:4.4.27-1) ...
#5 72.43 Selecting previously unselected package rpcsvc-proto.
#5 72.43 Preparing to unpack .../089-rpcsvc-proto_1.4.2-0ubuntu6_amd64.deb ...
#5 72.44 Unpacking rpcsvc-proto (1.4.2-0ubuntu6) ...
#5 72.52 Selecting previously unselected package libtirpc-dev:amd64.
#5 72.52 Preparing to unpack .../090-libtirpc-dev_1.3.2-2ubuntu0.1_amd64.deb ...
#5 72.53 Unpacking libtirpc-dev:amd64 (1.3.2-2ubuntu0.1) ...
#5 72.63 Selecting previously unselected package libnsl-dev:amd64.
#5 72.63 Preparing to unpack .../091-libnsl-dev_1.3.0-2build2_amd64.deb ...
#5 72.64 Unpacking libnsl-dev:amd64 (1.3.0-2build2) ...
#5 72.71 Selecting previously unselected package libc6-dev:amd64.
#5 72.72 Preparing to unpack .../092-libc6-dev_2.35-0ubuntu3.9_amd64.deb ...
#5 72.73 Unpacking libc6-dev:amd64 (2.35-0ubuntu3.9) ...
#5 73.22 Selecting previously unselected package libstdc++-11-dev:amd64.
#5 73.22 Preparing to unpack .../093-libstdc++-11-dev_11.4.0-1ubuntu1~22.04_amd64.deb ...
#5 73.23 Unpacking libstdc++-11-dev:amd64 (11.4.0-1ubuntu1~22.04) ...
#5 73.92 Selecting previously unselected package g++-11.
#5 73.92 Preparing to unpack .../094-g++-11_11.4.0-1ubuntu1~22.04_amd64.deb ...
#5 73.93 Unpacking g++-11 (11.4.0-1ubuntu1~22.04) ...
#5 74.40 Selecting previously unselected package g++.
#5 74.40 Preparing to unpack .../095-g++_4%3a11.2.0-1ubuntu1_amd64.deb ...
#5 74.41 Unpacking g++ (4:11.2.0-1ubuntu1) ...
#5 74.49 Selecting previously unselected package libcurl3-gnutls:amd64.
#5 74.49 Preparing to unpack .../096-libcurl3-gnutls_7.81.0-1ubuntu1.20_amd64.deb ...
#5 74.50 Unpacking libcurl3-gnutls:amd64 (7.81.0-1ubuntu1.20) ...
#5 74.57 Selecting previously unselected package liberror-perl.
#5 74.57 Preparing to unpack .../097-liberror-perl_0.17029-1_all.deb ...
#5 74.58 Unpacking liberror-perl (0.17029-1) ...
#5 74.65 Selecting previously unselected package git-man.
#5 74.66 Preparing to unpack .../098-git-man_1%3a2.34.1-1ubuntu1.12_all.deb ...
#5 74.67 Unpacking git-man (1:2.34.1-1ubuntu1.12) ...
#5 74.77 Selecting previously unselected package git.
#5 74.78 Preparing to unpack .../099-git_1%3a2.34.1-1ubuntu1.12_amd64.deb ...
#5 74.81 Unpacking git (1:2.34.1-1ubuntu1.12) ...
#5 75.10 Selecting previously unselected package javascript-common.
#5 75.11 Preparing to unpack .../100-javascript-common_11+nmu1_all.deb ...
#5 75.15 Unpacking javascript-common (11+nmu1) ...
#5 75.25 Selecting previously unselected package libfreetype6:amd64.
#5 75.25 Preparing to unpack .../101-libfreetype6_2.11.1+dfsg-1ubuntu0.3_amd64.deb ...
#5 75.26 Unpacking libfreetype6:amd64 (2.11.1+dfsg-1ubuntu0.3) ...
#5 75.37 Selecting previously unselected package libfontconfig1:amd64.
#5 75.37 Preparing to unpack .../102-libfontconfig1_2.13.1-4.2ubuntu5_amd64.deb ...
#5 75.39 Unpacking libfontconfig1:amd64 (2.13.1-4.2ubuntu5) ...
#5 75.48 Selecting previously unselected package libjpeg-turbo8:amd64.
#5 75.48 Preparing to unpack .../103-libjpeg-turbo8_2.1.2-0ubuntu1_amd64.deb ...
#5 75.49 Unpacking libjpeg-turbo8:amd64 (2.1.2-0ubuntu1) ...
#5 75.57 Selecting previously unselected package libjpeg8:amd64.
#5 75.58 Preparing to unpack .../104-libjpeg8_8c-2ubuntu10_amd64.deb ...
#5 75.59 Unpacking libjpeg8:amd64 (8c-2ubuntu10) ...
#5 75.68 Selecting previously unselected package libdeflate0:amd64.
#5 75.69 Preparing to unpack .../105-libdeflate0_1.10-2_amd64.deb ...
#5 75.70 Unpacking libdeflate0:amd64 (1.10-2) ...
#5 75.79 Selecting previously unselected package libjbig0:amd64.
#5 75.79 Preparing to unpack .../106-libjbig0_2.1-3.1ubuntu0.22.04.1_amd64.deb ...
#5 75.80 Unpacking libjbig0:amd64 (2.1-3.1ubuntu0.22.04.1) ...
#5 75.87 Selecting previously unselected package libwebp7:amd64.
#5 75.88 Preparing to unpack .../107-libwebp7_1.2.2-2ubuntu0.22.04.2_amd64.deb ...
#5 75.89 Unpacking libwebp7:amd64 (1.2.2-2ubuntu0.22.04.2) ...
#5 75.98 Selecting previously unselected package libtiff5:amd64.
#5 75.98 Preparing to unpack .../108-libtiff5_4.3.0-6ubuntu0.10_amd64.deb ...
#5 75.99 Unpacking libtiff5:amd64 (4.3.0-6ubuntu0.10) ...
#5 76.08 Selecting previously unselected package libxpm4:amd64.
#5 76.09 Preparing to unpack .../109-libxpm4_1%3a3.5.12-1ubuntu0.22.04.2_amd64.deb ...
#5 76.10 Unpacking libxpm4:amd64 (1:3.5.12-1ubuntu0.22.04.2) ...
#5 76.21 Selecting previously unselected package libgd3:amd64.
#5 76.21 Preparing to unpack .../110-libgd3_2.3.0-2ubuntu2.3_amd64.deb ...
#5 76.23 Unpacking libgd3:amd64 (2.3.0-2ubuntu2.3) ...
#5 76.31 Selecting previously unselected package libc-devtools.
#5 76.32 Preparing to unpack .../111-libc-devtools_2.35-0ubuntu3.9_amd64.deb ...
#5 76.33 Unpacking libc-devtools (2.35-0ubuntu3.9) ...
#5 76.43 Selecting previously unselected package libfsverity0:amd64.
#5 76.44 Preparing to unpack .../112-libfsverity0_1.4-1~exp1build1_amd64.deb ...
#5 76.45 Unpacking libfsverity0:amd64 (1.4-1~exp1build1) ...
#5 76.54 Selecting previously unselected package libgmpxx4ldbl:amd64.
#5 76.54 Preparing to unpack .../113-libgmpxx4ldbl_2%3a6.2.1+dfsg-3ubuntu1_amd64.deb ...
#5 76.55 Unpacking libgmpxx4ldbl:amd64 (2:6.2.1+dfsg-3ubuntu1) ...
#5 76.64 Selecting previously unselected package libgmp-dev:amd64.
#5 76.64 Preparing to unpack .../114-libgmp-dev_2%3a6.2.1+dfsg-3ubuntu1_amd64.deb ...
#5 76.66 Unpacking libgmp-dev:amd64 (2:6.2.1+dfsg-3ubuntu1) ...
#5 76.79 Selecting previously unselected package libjs-jquery.
#5 76.80 Preparing to unpack .../115-libjs-jquery_3.6.0+dfsg+~3.5.13-1_all.deb ...
#5 76.82 Unpacking libjs-jquery (3.6.0+dfsg+~3.5.13-1) ...
#5 76.92 Selecting previously unselected package libldap-common.
#5 76.92 Preparing to unpack .../116-libldap-common_2.5.18+dfsg-0ubuntu0.22.04.3_all.deb ...
#5 76.93 Unpacking libldap-common (2.5.18+dfsg-0ubuntu0.22.04.3) ...
#5 77.02 Selecting previously unselected package liblua5.3-0:amd64.
#5 77.03 Preparing to unpack .../117-liblua5.3-0_5.3.6-1build1_amd64.deb ...
#5 77.03 Unpacking liblua5.3-0:amd64 (5.3.6-1build1) ...
#5 77.14 Selecting previously unselected package librpmio9.
#5 77.14 Preparing to unpack .../118-librpmio9_4.17.0+dfsg1-4build1_amd64.deb ...
#5 77.16 Unpacking librpmio9 (4.17.0+dfsg1-4build1) ...
#5 77.26 Selecting previously unselected package librpm9.
#5 77.26 Preparing to unpack .../119-librpm9_4.17.0+dfsg1-4build1_amd64.deb ...
#5 77.28 Unpacking librpm9 (4.17.0+dfsg1-4build1) ...
#5 77.38 Selecting previously unselected package librpmbuild9.
#5 77.38 Preparing to unpack .../120-librpmbuild9_4.17.0+dfsg1-4build1_amd64.deb ...
#5 77.39 Unpacking librpmbuild9 (4.17.0+dfsg1-4build1) ...
#5 77.49 Selecting previously unselected package librpmsign9.
#5 77.50 Preparing to unpack .../121-librpmsign9_4.17.0+dfsg1-4build1_amd64.deb ...
#5 77.52 Unpacking librpmsign9 (4.17.0+dfsg1-4build1) ...
#5 77.60 Selecting previously unselected package rubygems-integration.
#5 77.61 Preparing to unpack .../122-rubygems-integration_1.18_all.deb ...
#5 77.62 Unpacking rubygems-integration (1.18) ...
#5 77.69 Selecting previously unselected package ruby3.0.
#5 77.69 Preparing to unpack .../123-ruby3.0_3.0.2-7ubuntu2.10_amd64.deb ...
#5 77.71 Unpacking ruby3.0 (3.0.2-7ubuntu2.10) ...
#5 77.79 Selecting previously unselected package ruby-rubygems.
#5 77.79 Preparing to unpack .../124-ruby-rubygems_3.3.5-2_all.deb ...
#5 77.80 Unpacking ruby-rubygems (3.3.5-2) ...
#5 77.96 Selecting previously unselected package ruby.
#5 77.96 Preparing to unpack .../125-ruby_1%3a3.0~exp1_amd64.deb ...
#5 77.98 Unpacking ruby (1:3.0~exp1) ...
#5 78.06 Selecting previously unselected package rake.
#5 78.06 Preparing to unpack .../126-rake_13.0.6-2_all.deb ...
#5 78.07 Unpacking rake (13.0.6-2) ...
#5 78.15 Selecting previously unselected package ruby-net-telnet.
#5 78.15 Preparing to unpack .../127-ruby-net-telnet_0.1.1-2_all.deb ...
#5 78.16 Unpacking ruby-net-telnet (0.1.1-2) ...
#5 78.23 Selecting previously unselected package ruby-webrick.
#5 78.24 Preparing to unpack .../128-ruby-webrick_1.7.0-3ubuntu0.1_all.deb ...
#5 78.25 Unpacking ruby-webrick (1.7.0-3ubuntu0.1) ...
#5 78.32 Selecting previously unselected package ruby-xmlrpc.
#5 78.32 Preparing to unpack .../129-ruby-xmlrpc_0.3.2-1ubuntu0.1_all.deb ...
#5 78.33 Unpacking ruby-xmlrpc (0.3.2-1ubuntu0.1) ...
#5 78.41 Selecting previously unselected package libruby3.0:amd64.
#5 78.42 Preparing to unpack .../130-libruby3.0_3.0.2-7ubuntu2.10_amd64.deb ...
#5 78.42 Unpacking libruby3.0:amd64 (3.0.2-7ubuntu2.10) ...
#5 79.75 Selecting previously unselected package libsasl2-modules:amd64.
#5 79.76 Preparing to unpack .../131-libsasl2-modules_2.1.27+dfsg2-3ubuntu1.2_amd64.deb ...
#5 79.77 Unpacking libsasl2-modules:amd64 (2.1.27+dfsg2-3ubuntu1.2) ...
#5 79.86 Selecting previously unselected package make.
#5 79.86 Preparing to unpack .../132-make_4.3-4.1build1_amd64.deb ...
#5 79.87 Unpacking make (4.3-4.1build1) ...
#5 79.94 Selecting previously unselected package manpages-dev.
#5 79.95 Preparing to unpack .../133-manpages-dev_5.10-1ubuntu1_all.deb ...
#5 79.96 Unpacking manpages-dev (5.10-1ubuntu1) ...
#5 80.45 Selecting previously unselected package patch.
#5 80.46 Preparing to unpack .../134-patch_2.7.6-7build2_amd64.deb ...
#5 80.47 Unpacking patch (2.7.6-7build2) ...
#5 80.55 Selecting previously unselected package rpm-common.
#5 80.55 Preparing to unpack .../135-rpm-common_4.17.0+dfsg1-4build1_amd64.deb ...
#5 80.57 Unpacking rpm-common (4.17.0+dfsg1-4build1) ...
#5 80.67 Selecting previously unselected package rpm2cpio.
#5 80.68 Preparing to unpack .../136-rpm2cpio_4.17.0+dfsg1-4build1_amd64.deb ...
#5 80.69 Unpacking rpm2cpio (4.17.0+dfsg1-4build1) ...
#5 80.77 Selecting previously unselected package rpm.
#5 80.77 Preparing to unpack .../137-rpm_4.17.0+dfsg1-4build1_amd64.deb ...
#5 80.79 Unpacking rpm (4.17.0+dfsg1-4build1) ...
#5 80.88 Selecting previously unselected package ruby3.0-dev:amd64.
#5 80.89 Preparing to unpack .../138-ruby3.0-dev_3.0.2-7ubuntu2.10_amd64.deb ...
#5 80.90 Unpacking ruby3.0-dev:amd64 (3.0.2-7ubuntu2.10) ...
#5 81.17 Selecting previously unselected package ruby-dev:amd64.
#5 81.18 Preparing to unpack .../139-ruby-dev_1%3a3.0~exp1_amd64.deb ...
#5 81.20 Unpacking ruby-dev:amd64 (1:3.0~exp1) ...
#5 81.28 Selecting previously unselected package ruby3.0-doc.
#5 81.29 Preparing to unpack .../140-ruby3.0-doc_3.0.2-7ubuntu2.10_all.deb ...
#5 81.30 Unpacking ruby3.0-doc (3.0.2-7ubuntu2.10) ...
#5 85.23 Selecting previously unselected package unzip.
#5 85.26 Preparing to unpack .../141-unzip_6.0-26ubuntu3.2_amd64.deb ...
#5 85.28 Unpacking unzip (6.0-26ubuntu3.2) ...
#5 85.56 Selecting previously unselected package zip.
#5 85.56 Preparing to unpack .../142-zip_3.0-12build2_amd64.deb ...
#5 85.58 Unpacking zip (3.0-12build2) ...
#5 85.69 Setting up libexpat1:amd64 (2.4.7-1ubuntu0.6) ...
#5 85.71 Setting up javascript-common (11+nmu1) ...
#5 85.81 Setting up gcc-11-base:amd64 (11.4.0-1ubuntu1~22.04) ...
#5 85.83 Setting up libxau6:amd64 (1:1.0.9-1build5) ...
#5 85.86 Setting up libapparmor1:amd64 (3.0.4-2ubuntu2.4) ...
#5 85.88 Setting up libpsl5:amd64 (0.21.0-1.2build2) ...
#5 85.91 Setting up fonts-lato (2.0-2.1) ...
#5 85.93 Setting up libmagic-mgc (1:5.41-3ubuntu0.1) ...
#5 85.96 Setting up libyaml-0-2:amd64 (0.2.2-1build2) ...
#5 86.00 Setting up manpages (5.10-1ubuntu1) ...
#5 86.02 Setting up unzip (6.0-26ubuntu3.2) ...
#5 86.06 Setting up libcbor0.8:amd64 (0.8.0-2ubuntu1) ...
#5 86.08 Setting up libbrotli1:amd64 (1.0.9-2build6) ...
#5 86.11 Setting up libsqlite3-0:amd64 (3.37.2-2ubuntu0.3) ...
#5 86.14 Setting up libsasl2-modules:amd64 (2.1.27+dfsg2-3ubuntu1.2) ...
#5 86.18 Setting up binutils-common:amd64 (2.38-4ubuntu2.8) ...
#5 86.20 Setting up libnghttp2-14:amd64 (1.43.0-1ubuntu0.2) ...
#5 86.24 Setting up libmagic1:amd64 (1:5.41-3ubuntu0.1) ...
#5 86.34 Setting up libdeflate0:amd64 (1.10-2) ...
#5 86.39 Setting up less (590-1ubuntu0.22.04.3) ...
#5 86.44 Setting up linux-libc-dev:amd64 (5.15.0-139.149) ...
#5 86.50 Setting up libctf-nobfd0:amd64 (2.38-4ubuntu2.8) ...
#5 86.52 Setting up libgomp1:amd64 (12.3.0-1ubuntu1~22.04) ...
#5 86.55 Setting up perl-modules-5.34 (5.34.0-3ubuntu1.4) ...
#5 86.58 Setting up libldap-common (2.5.18+dfsg-0ubuntu0.22.04.3) ...
#5 86.62 Setting up libjbig0:amd64 (2.1-3.1ubuntu0.22.04.1) ...
#5 86.66 Setting up libasan6:amd64 (11.4.0-1ubuntu1~22.04) ...
#5 86.69 Setting up libfsverity0:amd64 (1.4-1~exp1build1) ...
#5 86.71 Setting up libsasl2-modules-db:amd64 (2.1.27+dfsg2-3ubuntu1.2) ...
#5 86.74 Setting up tzdata (2025b-0ubuntu0.22.04) ...
#5 86.86 
#5 86.86 Current default time zone: 'Etc/UTC'
#5 86.87 Local time is now:      Thu May  8 18:00:05 UTC 2025.
#5 86.87 Universal Time is now:  Thu May  8 18:00:05 UTC 2025.
#5 86.87 Run 'dpkg-reconfigure tzdata' if you wish to change it.
#5 86.87 
#5 86.91 Setting up zip (3.0-12build2) ...
#5 86.94 Setting up libtirpc-dev:amd64 (1.3.2-2ubuntu0.1) ...
#5 86.96 Setting up libgmpxx4ldbl:amd64 (2:6.2.1+dfsg-3ubuntu1) ...
#5 87.00 Setting up libuv1:amd64 (1.43.0-1ubuntu0.1) ...
#5 87.02 Setting up rpcsvc-proto (1.4.2-0ubuntu6) ...
#5 87.05 Setting up emacsen-common (3.0.4) ...
#5 87.13 Setting up libx11-data (2:1.7.5-1ubuntu0.3) ...
#5 87.16 Setting up make (4.3-4.1build1) ...
#5 87.19 Setting up libmpfr6:amd64 (4.1.0-3build3) ...
#5 87.25 Setting up librtmp1:amd64 (2.4+20151223.gitfa8646d.1-2build4) ...
#5 87.30 Setting up dh-elpa-helper (2.0.9ubuntu1) ...
#5 87.33 Setting up libdbus-1-3:amd64 (1.12.20-2ubuntu4.1) ...
#5 87.37 Setting up ruby-net-telnet (0.1.1-2) ...
#5 87.40 Setting up dbus (1.12.20-2ubuntu4.1) ...
#5 87.78 Setting up libquadmath0:amd64 (12.3.0-1ubuntu1~22.04) ...
#5 87.82 Setting up libpng16-16:amd64 (1.6.37-3build5) ...
#5 87.85 Setting up libmpc3:amd64 (1.2.1-2build1) ...
#5 87.89 Setting up libatomic1:amd64 (12.3.0-1ubuntu1~22.04) ...
#5 87.93 Setting up patch (2.7.6-7build2) ...
#5 87.97 Setting up libjsoncpp25:amd64 (1.9.5-3) ...
#5 88.01 Setting up fonts-dejavu-core (2.37-2build1) ...
#5 88.18 Setting up ucf (3.0043) ...
#5 88.38 Setting up libjpeg-turbo8:amd64 (2.1.2-0ubuntu1) ...
#5 88.42 Setting up libsasl2-2:amd64 (2.1.27+dfsg2-3ubuntu1.2) ...
#5 88.46 Setting up libssh-4:amd64 (0.9.6-2ubuntu0.22.04.3) ...
#5 88.56 Setting up libwebp7:amd64 (1.2.2-2ubuntu0.22.04.2) ...
#5 88.60 Setting up ruby-webrick (1.7.0-3ubuntu0.1) ...
#5 88.63 Setting up libubsan1:amd64 (12.3.0-1ubuntu1~22.04) ...
#5 88.66 Setting up libmd0:amd64 (1.0.4-1build1) ...
#5 88.69 Setting up libnsl-dev:amd64 (1.3.0-2build2) ...
#5 88.73 Setting up librhash0:amd64 (1.4.2-1ubuntu1) ...
#5 88.77 Setting up libcrypt-dev:amd64 (1:4.4.27-1) ...
#5 88.83 Setting up liblua5.3-0:amd64 (5.3.6-1build1) ...
#5 88.86 Setting up git-man (1:2.34.1-1ubuntu1.12) ...
#5 88.88 Setting up netbase (6.3) ...
#5 88.94 Setting up cmake-data (3.22.1-1ubuntu1.22.04.2) ...
#5 89.04 Setting up ruby3.0-doc (3.0.2-7ubuntu2.10) ...
#5 89.06 Setting up libjs-jquery (3.6.0+dfsg+~3.5.13-1) ...
#5 89.11 Setting up libbinutils:amd64 (2.38-4ubuntu2.8) ...
#5 89.14 Setting up libfido2-1:amd64 (1.10.0-1) ...
#5 89.16 Setting up libisl23:amd64 (0.24-2build1) ...
#5 89.19 Setting up libc-dev-bin (2.35-0ubuntu3.9) ...
#5 89.22 Setting up openssl (3.0.2-0ubuntu1.19) ...
#5 89.26 Setting up libbsd0:amd64 (0.11.5-1) ...
#5 89.29 Setting up libelf1:amd64 (0.186-1ubuntu0.1) ...
#5 89.34 Setting up ruby-xmlrpc (0.3.2-1ubuntu0.1) ...
#5 89.37 Setting up publicsuffix (20211207.1025-1) ...
#5 89.39 Setting up libcc1-0:amd64 (12.3.0-1ubuntu1~22.04) ...
#5 89.41 Setting up liblsan0:amd64 (12.3.0-1ubuntu1~22.04) ...
#5 89.44 Setting up libitm1:amd64 (12.3.0-1ubuntu1~22.04) ...
#5 89.47 Setting up libgdbm6:amd64 (1.23-1) ...
#5 89.49 Setting up libpopt0:amd64 (1.18-3build1) ...
#5 89.53 Setting up libicu70:amd64 (70.1-2) ...
#5 89.56 Setting up libtsan0:amd64 (11.4.0-1ubuntu1~22.04) ...
#5 89.59 Setting up libctf0:amd64 (2.38-4ubuntu2.8) ...
#5 89.62 Setting up libjpeg8:amd64 (8c-2ubuntu10) ...
#5 89.65 Setting up cpp-11 (11.4.0-1ubuntu1~22.04) ...
#5 89.69 Setting up manpages-dev (5.10-1ubuntu1) ...
#5 89.72 Setting up libdw1:amd64 (0.186-1ubuntu0.1) ...
#5 89.77 Setting up libxdmcp6:amd64 (1:1.1.3-0ubuntu5) ...
#5 89.79 Setting up libxcb1:amd64 (1.14-3ubuntu3) ...
#5 89.82 Setting up libgmp-dev:amd64 (2:6.2.1+dfsg-3ubuntu1) ...
#5 89.84 Setting up fontconfig-config (2.13.1-4.2ubuntu5) ...
#5 90.22 Setting up libedit2:amd64 (3.1-20210910-1build1) ...
#5 90.25 Setting up libldap-2.5-0:amd64 (2.5.18+dfsg-0ubuntu0.22.04.3) ...
#5 90.29 Setting up ca-certificates (20240203~22.04.1) ...
#5 91.69 Updating certificates in /etc/ssl/certs...
#5 93.81 146 added, 0 removed; done.
#5 93.95 Setting up libfreetype6:amd64 (2.11.1+dfsg-1ubuntu0.3) ...
#5 93.97 Setting up libgdbm-compat4:amd64 (1.23-1) ...
#5 94.01 Setting up libgcc-11-dev:amd64 (11.4.0-1ubuntu1~22.04) ...
#5 94.04 Setting up cpp (4:11.2.0-1ubuntu1) ...
#5 94.09 Setting up debugedit (1:5.0-4build1) ...
#5 94.12 Setting up libcurl4:amd64 (7.81.0-1ubuntu1.20) ...
#5 94.14 Setting up libc6-dev:amd64 (2.35-0ubuntu3.9) ...
#5 94.17 Setting up libx11-6:amd64 (2:1.7.5-1ubuntu0.3) ...
#5 94.20 Setting up libtiff5:amd64 (4.3.0-6ubuntu0.10) ...
#5 94.22 Setting up libfontconfig1:amd64 (2.13.1-4.2ubuntu5) ...
#5 94.25 Setting up libxml2:amd64 (2.9.13+dfsg-1ubuntu0.7) ...
#5 94.28 Setting up libxmuu1:amd64 (2:1.1.3-3) ...
#5 94.30 Setting up librpmio9 (4.17.0+dfsg1-4build1) ...
#5 94.33 Setting up binutils-x86-64-linux-gnu (2.38-4ubuntu2.8) ...
#5 94.36 Setting up librpm9 (4.17.0+dfsg1-4build1) ...
#5 94.39 Setting up libperl5.34:amd64 (5.34.0-3ubuntu1.4) ...
#5 94.42 Setting up libxpm4:amd64 (1:3.5.12-1ubuntu0.22.04.2) ...
#5 94.44 Setting up libarchive13:amd64 (3.6.0-1ubuntu1.4) ...
#5 94.47 Setting up openssh-client (1:8.9p1-3ubuntu0.13) ...
#5 94.57 update-alternatives: using /usr/bin/ssh to provide /usr/bin/rsh (rsh) in auto mode
#5 94.57 update-alternatives: warning: skip creation of /usr/share/man/man1/rsh.1.gz because associated file /usr/share/man/man1/ssh.1.gz (of link group rsh) doesn't exist
#5 94.58 update-alternatives: using /usr/bin/slogin to provide /usr/bin/rlogin (rlogin) in auto mode
#5 94.58 update-alternatives: warning: skip creation of /usr/share/man/man1/rlogin.1.gz because associated file /usr/share/man/man1/slogin.1.gz (of link group rlogin) doesn't exist
#5 94.60 update-alternatives: using /usr/bin/scp to provide /usr/bin/rcp (rcp) in auto mode
#5 94.60 update-alternatives: warning: skip creation of /usr/share/man/man1/rcp.1.gz because associated file /usr/share/man/man1/scp.1.gz (of link group rcp) doesn't exist
#5 94.63 Setting up libxext6:amd64 (2:1.3.4-1build1) ...
#5 94.66 Setting up libcurl3-gnutls:amd64 (7.81.0-1ubuntu1.20) ...
#5 94.70 Setting up rubygems-integration (1.18) ...
#5 94.73 Setting up rpm-common (4.17.0+dfsg1-4build1) ...
#5 94.78 Setting up binutils (2.38-4ubuntu2.8) ...
#5 94.81 Setting up perl (5.34.0-3ubuntu1.4) ...
#5 94.89 Setting up librpmbuild9 (4.17.0+dfsg1-4build1) ...
#5 94.92 Setting up libgd3:amd64 (2.3.0-2ubuntu2.3) ...
#5 94.95 Setting up libstdc++-11-dev:amd64 (11.4.0-1ubuntu1~22.04) ...
#5 94.98 Setting up gcc-11 (11.4.0-1ubuntu1~22.04) ...
#5 95.01 Setting up xauth (1:1.1-1build2) ...
#5 95.04 Setting up librpmsign9 (4.17.0+dfsg1-4build1) ...
#5 95.08 Setting up cmake (3.22.1-1ubuntu1.22.04.2) ...
#5 95.11 Setting up libc-devtools (2.35-0ubuntu3.9) ...
#5 95.15 Setting up g++-11 (11.4.0-1ubuntu1~22.04) ...
#5 95.18 Setting up rpm2cpio (4.17.0+dfsg1-4build1) ...
#5 95.22 Setting up rpm (4.17.0+dfsg1-4build1) ...
#5 95.25 Setting up gcc (4:11.2.0-1ubuntu1) ...
#5 95.31 Setting up liberror-perl (0.17029-1) ...
#5 95.34 Setting up git (1:2.34.1-1ubuntu1.12) ...
#5 95.41 Setting up g++ (4:11.2.0-1ubuntu1) ...
#5 95.46 update-alternatives: using /usr/bin/g++ to provide /usr/bin/c++ (c++) in auto mode
#5 95.46 update-alternatives: warning: skip creation of /usr/share/man/man1/c++.1.gz because associated file /usr/share/man/man1/g++.1.gz (of link group c++) doesn't exist
#5 95.48 Setting up rake (13.0.6-2) ...
#5 95.51 Setting up libruby3.0:amd64 (3.0.2-7ubuntu2.10) ...
#5 95.54 Setting up ruby-rubygems (3.3.5-2) ...
#5 95.58 Setting up ruby3.0-dev:amd64 (3.0.2-7ubuntu2.10) ...
#5 95.61 Setting up ruby3.0 (3.0.2-7ubuntu2.10) ...
#5 95.65 Setting up ruby-dev:amd64 (1:3.0~exp1) ...
#5 95.68 Setting up ruby (1:3.0~exp1) ...
#5 95.71 Processing triggers for libc-bin (2.35-0ubuntu3.9) ...
#5 95.84 Processing triggers for ca-certificates (20240203~22.04.1) ...
#5 95.87 Updating certificates in /etc/ssl/certs...
#5 97.45 0 added, 0 removed; done.
#5 97.45 Running hooks in /etc/ca-certificates/update.d...
#5 97.45 done.
#5 97.49 Processing triggers for dbus (1.12.20-2ubuntu4.1) ...
#5 101.6 Successfully installed stud-0.0.23
#5 101.6 Successfully installed mustache-0.99.8
#5 101.6 Successfully installed insist-1.0.0
#5 101.6 Successfully installed dotenv-3.1.8
#5 101.6 Successfully installed clamp-1.3.2
#5 101.6 Successfully installed cabin-0.9.0
#5 101.6 Successfully installed pleaserun-0.0.32
#5 101.6 Successfully installed backports-3.25.1
#5 101.6 Successfully installed arr-pm-0.0.12
#5 101.6 Successfully installed fpm-1.16.0
#5 101.6 10 gems installed
#5 DONE 101.9s

#6 [3/6] WORKDIR /app
#6 DONE 0.2s

#7 [4/6] RUN git clone https://github.com/DaveGamble/cJSON.git .
#7 0.478 Cloning into '.'...
#7 DONE 1.8s

#8 [5/6] RUN mkdir build && cd build &&     cmake .. && make && make DESTDIR=/tmp/install install
#8 0.590 -- The C compiler identification is GNU 11.4.0
#8 0.605 -- Detecting C compiler ABI info
#8 0.713 -- Detecting C compiler ABI info - done
#8 0.722 -- Check for working C compiler: /usr/bin/cc - skipped
#8 0.723 -- Detecting C compile features
#8 0.724 -- Detecting C compile features - done
#8 0.731 -- Performing Test FLAG_SUPPORTED_stdc89
#8 0.841 -- Performing Test FLAG_SUPPORTED_stdc89 - Success
#8 0.843 -- Performing Test FLAG_SUPPORTED_pedantic
#8 0.946 -- Performing Test FLAG_SUPPORTED_pedantic - Success
#8 0.947 -- Performing Test FLAG_SUPPORTED_Wall
#8 1.054 -- Performing Test FLAG_SUPPORTED_Wall - Success
#8 1.056 -- Performing Test FLAG_SUPPORTED_Wextra
#8 1.161 -- Performing Test FLAG_SUPPORTED_Wextra - Success
#8 1.164 -- Performing Test FLAG_SUPPORTED_Werror
#8 1.272 -- Performing Test FLAG_SUPPORTED_Werror - Success
#8 1.273 -- Performing Test FLAG_SUPPORTED_Wstrictprototypes
#8 1.382 -- Performing Test FLAG_SUPPORTED_Wstrictprototypes - Success
#8 1.383 -- Performing Test FLAG_SUPPORTED_Wwritestrings
#8 1.498 -- Performing Test FLAG_SUPPORTED_Wwritestrings - Success
#8 1.504 -- Performing Test FLAG_SUPPORTED_Wshadow
#8 1.614 -- Performing Test FLAG_SUPPORTED_Wshadow - Success
#8 1.615 -- Performing Test FLAG_SUPPORTED_Winitself
#8 1.718 -- Performing Test FLAG_SUPPORTED_Winitself - Success
#8 1.718 -- Performing Test FLAG_SUPPORTED_Wcastalign
#8 1.822 -- Performing Test FLAG_SUPPORTED_Wcastalign - Success
#8 1.822 -- Performing Test FLAG_SUPPORTED_Wformat2
#8 1.929 -- Performing Test FLAG_SUPPORTED_Wformat2 - Success
#8 1.929 -- Performing Test FLAG_SUPPORTED_Wmissingprototypes
#8 2.034 -- Performing Test FLAG_SUPPORTED_Wmissingprototypes - Success
#8 2.035 -- Performing Test FLAG_SUPPORTED_Wstrictoverflow2
#8 2.139 -- Performing Test FLAG_SUPPORTED_Wstrictoverflow2 - Success
#8 2.141 -- Performing Test FLAG_SUPPORTED_Wcastqual
#8 2.256 -- Performing Test FLAG_SUPPORTED_Wcastqual - Success
#8 2.260 -- Performing Test FLAG_SUPPORTED_Wundef
#8 2.374 -- Performing Test FLAG_SUPPORTED_Wundef - Success
#8 2.374 -- Performing Test FLAG_SUPPORTED_Wswitchdefault
#8 2.492 -- Performing Test FLAG_SUPPORTED_Wswitchdefault - Success
#8 2.492 -- Performing Test FLAG_SUPPORTED_Wconversion
#8 2.607 -- Performing Test FLAG_SUPPORTED_Wconversion - Success
#8 2.609 -- Performing Test FLAG_SUPPORTED_Wccompat
#8 2.713 -- Performing Test FLAG_SUPPORTED_Wccompat - Success
#8 2.715 -- Performing Test FLAG_SUPPORTED_fstackprotectorstrong
#8 2.824 -- Performing Test FLAG_SUPPORTED_fstackprotectorstrong - Success
#8 2.828 -- Performing Test FLAG_SUPPORTED_Wcomma
#8 2.869 -- Performing Test FLAG_SUPPORTED_Wcomma - Failed
#8 2.870 -- Performing Test FLAG_SUPPORTED_Wdoublepromotion
#8 2.974 -- Performing Test FLAG_SUPPORTED_Wdoublepromotion - Success
#8 2.978 -- Performing Test FLAG_SUPPORTED_Wparentheses
#8 3.082 -- Performing Test FLAG_SUPPORTED_Wparentheses - Success
#8 3.085 -- Performing Test FLAG_SUPPORTED_Wformatoverflow
#8 3.188 -- Performing Test FLAG_SUPPORTED_Wformatoverflow - Success
#8 3.191 -- Performing Test FLAG_SUPPORTED_Wunusedmacros
#8 3.306 -- Performing Test FLAG_SUPPORTED_Wunusedmacros - Success
#8 3.309 -- Performing Test FLAG_SUPPORTED_Wmissingvariabledeclarations
#8 3.361 -- Performing Test FLAG_SUPPORTED_Wmissingvariabledeclarations - Failed
#8 3.364 -- Performing Test FLAG_SUPPORTED_Wusedbutmarkedunused
#8 3.412 -- Performing Test FLAG_SUPPORTED_Wusedbutmarkedunused - Failed
#8 3.413 -- Performing Test FLAG_SUPPORTED_Wswitchenum
#8 3.526 -- Performing Test FLAG_SUPPORTED_Wswitchenum - Success
#8 3.528 -- Performing Test FLAG_SUPPORTED_fvisibilityhidden
#8 3.633 -- Performing Test FLAG_SUPPORTED_fvisibilityhidden - Success
#8 3.640 -- Configuring done
#8 3.672 -- Generating done
#8 3.676 -- Build files have been written to: /app/build
#8 3.745 [  2%] Building C object CMakeFiles/cjson.dir/cJSON.c.o
#8 3.889 [  4%] Linking C shared library libcjson.so
#8 3.967 [  4%] Built target cjson
#8 4.010 [  6%] Building C object CMakeFiles/cJSON_test.dir/test.c.o
#8 4.060 [  8%] Linking C executable cJSON_test
#8 4.118 [  8%] Built target cJSON_test
#8 4.155 [ 11%] Building C object tests/CMakeFiles/unity.dir/unity/src/unity.c.o
#8 4.251 [ 13%] Linking C static library libunity.a
#8 4.332 [ 13%] Built target unity
#8 4.370 [ 15%] Building C object tests/CMakeFiles/parse_examples.dir/parse_examples.c.o
#8 4.549 [ 17%] Linking C executable parse_examples
#8 4.607 [ 17%] Built target parse_examples
#8 4.647 [ 20%] Building C object tests/CMakeFiles/parse_number.dir/parse_number.c.o
#8 4.812 [ 22%] Linking C executable parse_number
#8 4.875 [ 22%] Built target parse_number
#8 4.913 [ 24%] Building C object tests/CMakeFiles/parse_hex4.dir/parse_hex4.c.o
#8 5.076 [ 26%] Linking C executable parse_hex4
#8 5.137 [ 26%] Built target parse_hex4
#8 5.176 [ 28%] Building C object tests/CMakeFiles/parse_string.dir/parse_string.c.o
#8 5.334 [ 31%] Linking C executable parse_string
#8 5.398 [ 31%] Built target parse_string
#8 5.438 [ 33%] Building C object tests/CMakeFiles/parse_array.dir/parse_array.c.o
#8 5.603 [ 35%] Linking C executable parse_array
#8 5.668 [ 35%] Built target parse_array
#8 5.703 [ 37%] Building C object tests/CMakeFiles/parse_object.dir/parse_object.c.o
#8 5.867 [ 40%] Linking C executable parse_object
#8 5.924 [ 40%] Built target parse_object
#8 5.963 [ 42%] Building C object tests/CMakeFiles/parse_value.dir/parse_value.c.o
#8 6.132 [ 44%] Linking C executable parse_value
#8 6.191 [ 44%] Built target parse_value
#8 6.226 [ 46%] Building C object tests/CMakeFiles/print_string.dir/print_string.c.o
#8 6.383 [ 48%] Linking C executable print_string
#8 6.455 [ 48%] Built target print_string
#8 6.493 [ 51%] Building C object tests/CMakeFiles/print_number.dir/print_number.c.o
#8 6.661 [ 53%] Linking C executable print_number
#8 6.722 [ 53%] Built target print_number
#8 6.756 [ 55%] Building C object tests/CMakeFiles/print_array.dir/print_array.c.o
#8 6.927 [ 57%] Linking C executable print_array
#8 6.989 [ 57%] Built target print_array
#8 7.025 [ 60%] Building C object tests/CMakeFiles/print_object.dir/print_object.c.o
#8 7.195 [ 62%] Linking C executable print_object
#8 7.253 [ 62%] Built target print_object
#8 7.294 [ 64%] Building C object tests/CMakeFiles/print_value.dir/print_value.c.o
#8 7.467 [ 66%] Linking C executable print_value
#8 7.526 [ 66%] Built target print_value
#8 7.569 [ 68%] Building C object tests/CMakeFiles/misc_tests.dir/misc_tests.c.o
#8 7.780 [ 71%] Linking C executable misc_tests
#8 7.844 [ 71%] Built target misc_tests
#8 7.892 [ 73%] Building C object tests/CMakeFiles/parse_with_opts.dir/parse_with_opts.c.o
#8 8.055 [ 75%] Linking C executable parse_with_opts
#8 8.130 [ 75%] Built target parse_with_opts
#8 8.167 [ 77%] Building C object tests/CMakeFiles/compare_tests.dir/compare_tests.c.o
#8 8.318 [ 80%] Linking C executable compare_tests
#8 8.398 [ 80%] Built target compare_tests
#8 8.435 [ 82%] Building C object tests/CMakeFiles/cjson_add.dir/cjson_add.c.o
#8 8.609 [ 84%] Linking C executable cjson_add
#8 8.675 [ 84%] Built target cjson_add
#8 8.710 [ 86%] Building C object tests/CMakeFiles/readme_examples.dir/readme_examples.c.o
#8 8.897 [ 88%] Linking C executable readme_examples
#8 8.972 [ 88%] Built target readme_examples
#8 9.012 [ 91%] Building C object tests/CMakeFiles/minify_tests.dir/minify_tests.c.o
#8 9.169 [ 93%] Linking C executable minify_tests
#8 9.237 [ 93%] Built target minify_tests
#8 9.275 [ 95%] Building C object fuzzing/CMakeFiles/fuzz_main.dir/fuzz_main.c.o
#8 9.319 [ 97%] Building C object fuzzing/CMakeFiles/fuzz_main.dir/cjson_read_fuzzer.c.o
#8 9.365 [100%] Linking C executable fuzz_main
#8 9.426 [100%] Built target fuzz_main
#8 9.499 Consolidate compiler generated dependencies of target cjson
#8 9.520 [  4%] Built target cjson
#8 9.541 Consolidate compiler generated dependencies of target cJSON_test
#8 9.560 [  8%] Built target cJSON_test
#8 9.584 Consolidate compiler generated dependencies of target unity
#8 9.604 [ 13%] Built target unity
#8 9.624 Consolidate compiler generated dependencies of target parse_examples
#8 9.643 [ 17%] Built target parse_examples
#8 9.663 Consolidate compiler generated dependencies of target parse_number
#8 9.689 [ 22%] Built target parse_number
#8 9.715 Consolidate compiler generated dependencies of target parse_hex4
#8 9.740 [ 26%] Built target parse_hex4
#8 9.760 Consolidate compiler generated dependencies of target parse_string
#8 9.779 [ 31%] Built target parse_string
#8 9.801 Consolidate compiler generated dependencies of target parse_array
#8 9.820 [ 35%] Built target parse_array
#8 9.842 Consolidate compiler generated dependencies of target parse_object
#8 9.864 [ 40%] Built target parse_object
#8 9.885 Consolidate compiler generated dependencies of target parse_value
#8 9.903 [ 44%] Built target parse_value
#8 9.924 Consolidate compiler generated dependencies of target print_string
#8 9.945 [ 48%] Built target print_string
#8 9.971 Consolidate compiler generated dependencies of target print_number
#8 9.992 [ 53%] Built target print_number
#8 10.01 Consolidate compiler generated dependencies of target print_array
#8 10.03 [ 57%] Built target print_array
#8 10.07 Consolidate compiler generated dependencies of target print_object
#8 10.09 [ 62%] Built target print_object
#8 10.11 Consolidate compiler generated dependencies of target print_value
#8 10.13 [ 66%] Built target print_value
#8 10.15 Consolidate compiler generated dependencies of target misc_tests
#8 10.17 [ 71%] Built target misc_tests
#8 10.20 Consolidate compiler generated dependencies of target parse_with_opts
#8 10.22 [ 75%] Built target parse_with_opts
#8 10.24 Consolidate compiler generated dependencies of target compare_tests
#8 10.26 [ 80%] Built target compare_tests
#8 10.28 Consolidate compiler generated dependencies of target cjson_add
#8 10.30 [ 84%] Built target cjson_add
#8 10.32 Consolidate compiler generated dependencies of target readme_examples
#8 10.34 [ 88%] Built target readme_examples
#8 10.37 Consolidate compiler generated dependencies of target minify_tests
#8 10.39 [ 93%] Built target minify_tests
#8 10.41 Consolidate compiler generated dependencies of target fuzz_main
#8 10.43 [100%] Built target fuzz_main
#8 10.47 Install the project...
#8 10.48 -- Install configuration: ""
#8 10.48 -- Installing: /tmp/install/usr/local/include/cjson/cJSON.h
#8 10.49 -- Installing: /tmp/install/usr/local/lib/pkgconfig/libcjson.pc
#8 10.49 -- Installing: /tmp/install/usr/local/lib/libcjson.so.1.7.18
#8 10.53 -- Installing: /tmp/install/usr/local/lib/libcjson.so.1
#8 10.53 -- Installing: /tmp/install/usr/local/lib/libcjson.so
#8 10.54 -- Installing: /tmp/install/usr/local/lib/cmake/cJSON/cjson.cmake
#8 10.54 -- Installing: /tmp/install/usr/local/lib/cmake/cJSON/cjson-noconfig.cmake
#8 10.54 -- Installing: /tmp/install/usr/local/lib/cmake/cJSON/cJSONConfig.cmake
#8 10.54 -- Installing: /tmp/install/usr/local/lib/cmake/cJSON/cJSONConfigVersion.cmake
#8 DONE 10.8s

#9 [6/6] RUN fpm -s dir -t rpm     -n cjson     -v 1.7.15     -C /tmp/install     -p /app/cjson.rpm
#9 0.982 {:timestamp=>"2025-05-08T20:00:34.319583+0200", :message=>"Created package", :path=>"/app/cjson.rpm"}
#9 DONE 1.2s

#10 exporting to image
#10 exporting layers
#10 exporting layers 5.5s done
#10 writing image sha256:e673eb8ac1534ea0a49f7a55718da6413b6f99234cd3534728af396f89ae42e6 done
#10 naming to docker.io/library/cjson_bld_img 0.0s done
#10 DONE 5.6s
[Pipeline] }
[Pipeline] // withEnv
[Pipeline] sh
+ mkdir -p artifacts
+ docker create cjson_bld_img
+ CID=f7a17cfa3c784cd2c6372e75f9dc628b8d60c849e7190f786948b4d9f5c5e3da
+ docker cp f7a17cfa3c784cd2c6372e75f9dc628b8d60c849e7190f786948b4d9f5c5e3da:/app/cjson.rpm artifacts/
+ docker rm f7a17cfa3c784cd2c6372e75f9dc628b8d60c849e7190f786948b4d9f5c5e3da
f7a17cfa3c784cd2c6372e75f9dc628b8d60c849e7190f786948b4d9f5c5e3da
[Pipeline] }
[Pipeline] // script
[Pipeline] }
[Pipeline] // dir
[Pipeline] }
[Pipeline] // stage
[Pipeline] stage
[Pipeline] { (Test)
[Pipeline] dir
Running in /var/jenkins_home/workspace/pipeline/INO/GCL01/KB415987/Sprawozdanie2/jenkinsfile
[Pipeline] {
[Pipeline] script
[Pipeline] {
[Pipeline] isUnix
[Pipeline] withEnv
[Pipeline] {
[Pipeline] sh
+ docker build -t cjsontest -f Dockerfile.test .
#0 building with "default" instance using docker driver

#1 [internal] load build definition from Dockerfile.test
#1 transferring dockerfile: 179B done
#1 DONE 0.1s

#2 [internal] load metadata for docker.io/library/cjson_bld_img:latest
#2 DONE 0.0s

#3 [internal] load .dockerignore
#3 transferring context: 2B done
#3 DONE 0.0s

#4 [1/2] FROM docker.io/library/cjson_bld_img:latest
#4 DONE 0.5s

#5 [2/2] WORKDIR /app/build
#5 DONE 0.2s

#6 exporting to image
#6 exporting layers 0.1s done
#6 writing image sha256:91466dc7c3c5c7ab47555bb57144e78b252949f1d61b7de44426c9ef4cc3be51 done
#6 naming to docker.io/library/cjsontest 0.0s done
#6 DONE 0.2s
[Pipeline] }
[Pipeline] // withEnv
[Pipeline] sh
+ docker run --rm cjsontest
+ tee artifacts/test_log.log
Test project /app/build
      Start  1: cJSON_test
 1/19 Test  #1: cJSON_test .......................   Passed    0.00 sec
      Start  2: parse_examples
 2/19 Test  #2: parse_examples ...................   Passed    0.00 sec
      Start  3: parse_number
 3/19 Test  #3: parse_number .....................   Passed    0.00 sec
      Start  4: parse_hex4
 4/19 Test  #4: parse_hex4 .......................   Passed    0.01 sec
      Start  5: parse_string
 5/19 Test  #5: parse_string .....................   Passed    0.00 sec
      Start  6: parse_array
 6/19 Test  #6: parse_array ......................   Passed    0.00 sec
      Start  7: parse_object
 7/19 Test  #7: parse_object .....................   Passed    0.00 sec
      Start  8: parse_value
 8/19 Test  #8: parse_value ......................   Passed    0.00 sec
      Start  9: print_string
 9/19 Test  #9: print_string .....................   Passed    0.01 sec
      Start 10: print_number
10/19 Test #10: print_number .....................   Passed    0.01 sec
      Start 11: print_array
11/19 Test #11: print_array ......................   Passed    0.00 sec
      Start 12: print_object
12/19 Test #12: print_object .....................   Passed    0.00 sec
      Start 13: print_value
13/19 Test #13: print_value ......................   Passed    0.00 sec
      Start 14: misc_tests
14/19 Test #14: misc_tests .......................   Passed    0.01 sec
      Start 15: parse_with_opts
15/19 Test #15: parse_with_opts ..................   Passed    0.00 sec
      Start 16: compare_tests
16/19 Test #16: compare_tests ....................   Passed    0.01 sec
      Start 17: cjson_add
17/19 Test #17: cjson_add ........................   Passed    0.00 sec
      Start 18: readme_examples
18/19 Test #18: readme_examples ..................   Passed    0.00 sec
      Start 19: minify_tests
19/19 Test #19: minify_tests .....................   Passed    0.00 sec

100% tests passed, 0 tests failed out of 19

Total Test time (real) =   0.11 sec
[Pipeline] }
[Pipeline] // script
[Pipeline] }
[Pipeline] // dir
[Pipeline] }
[Pipeline] // stage
[Pipeline] stage
[Pipeline] { (Deploy)
[Pipeline] dir
Running in /var/jenkins_home/workspace/pipeline/INO/GCL01/KB415987/Sprawozdanie2/jenkinsfile
[Pipeline] {
[Pipeline] script
[Pipeline] {
[Pipeline] sh
+ cp artifacts/cjson.rpm .
[Pipeline] isUnix
[Pipeline] withEnv
[Pipeline] {
[Pipeline] sh
+ docker build -t cjson_deploy -f Dockerfile.deploy .
#0 building with "default" instance using docker driver

#1 [internal] load build definition from Dockerfile.deploy
#1 transferring dockerfile: 424B done
#1 DONE 0.1s

#2 [internal] load metadata for docker.io/library/ubuntu:latest
#2 DONE 1.3s

#3 [internal] load .dockerignore
#3 transferring context: 2B done
#3 DONE 0.1s

#4 [internal] load build context
#4 DONE 0.0s

#5 [1/7] FROM docker.io/library/ubuntu:latest@sha256:6015f66923d7afbc53558d7ccffd325d43b4e249f41a6e93eef074c9505d2233
#5 resolve docker.io/library/ubuntu:latest@sha256:6015f66923d7afbc53558d7ccffd325d43b4e249f41a6e93eef074c9505d2233 0.1s done
#5 sha256:6015f66923d7afbc53558d7ccffd325d43b4e249f41a6e93eef074c9505d2233 6.69kB / 6.69kB done
#5 sha256:dc17125eaac86538c57da886e494a34489122fb6a3ebb6411153d742594c2ddc 424B / 424B done
#5 sha256:a0e45e2ce6e6e22e73185397d162a64fcf2f80a41c597015cab05d9a7b5913ce 2.30kB / 2.30kB done
#5 ...

#4 [internal] load build context
#4 transferring context: 30.70kB 0.0s done
#4 DONE 0.4s

#5 [1/7] FROM docker.io/library/ubuntu:latest@sha256:6015f66923d7afbc53558d7ccffd325d43b4e249f41a6e93eef074c9505d2233
#5 DONE 0.6s

#6 [2/7] RUN apt update && apt install -y rpm gcc && ldconfig
#6 0.412 
#6 0.412 WARNING: apt does not have a stable CLI interface. Use with caution in scripts.
#6 0.412 
#6 0.759 Get:1 http://archive.ubuntu.com/ubuntu noble InRelease [256 kB]
#6 0.801 Get:2 http://security.ubuntu.com/ubuntu noble-security InRelease [126 kB]
#6 0.887 Get:3 http://archive.ubuntu.com/ubuntu noble-updates InRelease [126 kB]
#6 0.992 Get:4 http://archive.ubuntu.com/ubuntu noble-backports InRelease [126 kB]
#6 1.097 Get:5 http://archive.ubuntu.com/ubuntu noble/multiverse amd64 Packages [331 kB]
#6 1.187 Get:6 http://security.ubuntu.com/ubuntu noble-security/universe amd64 Packages [1081 kB]
#6 1.220 Get:7 http://archive.ubuntu.com/ubuntu noble/universe amd64 Packages [19.3 MB]
#6 1.714 Get:8 http://security.ubuntu.com/ubuntu noble-security/restricted amd64 Packages [1318 kB]
#6 2.562 Get:9 http://security.ubuntu.com/ubuntu noble-security/multiverse amd64 Packages [22.1 kB]
#6 2.816 Get:10 http://security.ubuntu.com/ubuntu noble-security/main amd64 Packages [1033 kB]
#6 3.344 Get:11 http://archive.ubuntu.com/ubuntu noble/restricted amd64 Packages [117 kB]
#6 3.442 Get:12 http://archive.ubuntu.com/ubuntu noble/main amd64 Packages [1808 kB]
#6 3.827 Get:13 http://archive.ubuntu.com/ubuntu noble-updates/restricted amd64 Packages [1362 kB]
#6 4.319 Get:14 http://archive.ubuntu.com/ubuntu noble-updates/multiverse amd64 Packages [26.7 kB]
#6 4.552 Get:15 http://archive.ubuntu.com/ubuntu noble-updates/main amd64 Packages [1353 kB]
#6 5.356 Get:16 http://archive.ubuntu.com/ubuntu noble-updates/universe amd64 Packages [1379 kB]
#6 5.700 Get:17 http://archive.ubuntu.com/ubuntu noble-backports/main amd64 Packages [48.0 kB]
#6 5.800 Get:18 http://archive.ubuntu.com/ubuntu noble-backports/universe amd64 Packages [31.8 kB]
#6 5.826 Fetched 29.9 MB in 5s (5569 kB/s)
#6 5.826 Reading package lists...
#6 6.721 Building dependency tree...
#6 6.893 Reading state information...
#6 6.919 All packages are up to date.
#6 6.932 
#6 6.932 WARNING: apt does not have a stable CLI interface. Use with caution in scripts.
#6 6.933 
#6 6.945 Reading package lists...
#6 7.808 Building dependency tree...
#6 7.987 Reading state information...
#6 8.236 The following additional packages will be installed:
#6 8.236   adduser binutils binutils-common binutils-x86-64-linux-gnu cpp cpp-13
#6 8.236   cpp-13-x86-64-linux-gnu cpp-x86-64-linux-gnu dbus dbus-bin dbus-daemon
#6 8.236   dbus-session-bus-common dbus-system-bus-common debugedit fontconfig-config
#6 8.236   fonts-dejavu-core fonts-dejavu-mono gcc-13 gcc-13-base
#6 8.237   gcc-13-x86-64-linux-gnu gcc-x86-64-linux-gnu libaom3 libapparmor1
#6 8.237   libarchive13t64 libasan8 libatomic1 libbinutils libbrotli1 libbsd0
#6 8.237   libc-dev-bin libc-devtools libc6-dev libcc1-0 libcrypt-dev libctf-nobfd0
#6 8.237   libctf0 libdbus-1-3 libde265-0 libdeflate0 libdw1t64 libelf1t64 libexpat1
#6 8.237   libfontconfig1 libfreetype6 libfsverity0 libgcc-13-dev libgd3
#6 8.237   libgdbm-compat4t64 libgdbm6t64 libgomp1 libgprofng0 libheif-plugin-aomdec
#6 8.237   libheif-plugin-aomenc libheif-plugin-libde265 libheif1 libhwasan0 libicu74
#6 8.237   libisl23 libitm1 libjansson4 libjbig0 libjpeg-turbo8 libjpeg8 liblerc4
#6 8.237   liblsan0 liblua5.3-0 libmagic-mgc libmagic1t64 libmpc3 libmpfr6
#6 8.237   libperl5.38t64 libpng16-16t64 libpopt0 libquadmath0 libreadline8t64
#6 8.237   librpm9t64 librpmbuild9t64 librpmio9t64 librpmsign9t64 libsframe1
#6 8.237   libsharpyuv0 libsqlite3-0 libtiff6 libtsan2 libubsan1 libwebp7 libx11-6
#6 8.237   libx11-data libxau6 libxcb1 libxdmcp6 libxml2 libxpm4 linux-libc-dev
#6 8.238   manpages manpages-dev netbase perl perl-modules-5.38 readline-common
#6 8.238   rpcsvc-proto rpm-common rpm2cpio
#6 8.239 Suggested packages:
#6 8.239   liblocale-gettext-perl cron quota ecryptfs-utils binutils-doc gprofng-gui
#6 8.239   cpp-doc gcc-13-locales cpp-13-doc default-dbus-session-bus
#6 8.239   | dbus-session-bus gcc-multilib make autoconf automake libtool flex bison
#6 8.239   gdb gcc-doc gcc-13-multilib gcc-13-doc gdb-x86-64-linux-gnu lrzip glibc-doc
#6 8.239   libgd-tools gdbm-l10n libheif-plugin-x265 libheif-plugin-ffmpegdec
#6 8.239   libheif-plugin-jpegdec libheif-plugin-jpegenc libheif-plugin-j2kdec
#6 8.239   libheif-plugin-j2kenc libheif-plugin-rav1e libheif-plugin-svtenc file
#6 8.239   man-browser perl-doc libterm-readline-gnu-perl | libterm-readline-perl-perl
#6 8.239   libtap-harness-archive-perl readline-doc alien python3 elfutils rpmlint
#6 8.239   rpm-i18n
#6 8.434 The following NEW packages will be installed:
#6 8.434   adduser binutils binutils-common binutils-x86-64-linux-gnu cpp cpp-13
#6 8.434   cpp-13-x86-64-linux-gnu cpp-x86-64-linux-gnu dbus dbus-bin dbus-daemon
#6 8.434   dbus-session-bus-common dbus-system-bus-common debugedit fontconfig-config
#6 8.434   fonts-dejavu-core fonts-dejavu-mono gcc gcc-13 gcc-13-base
#6 8.434   gcc-13-x86-64-linux-gnu gcc-x86-64-linux-gnu libaom3 libapparmor1
#6 8.434   libarchive13t64 libasan8 libatomic1 libbinutils libbrotli1 libbsd0
#6 8.434   libc-dev-bin libc-devtools libc6-dev libcc1-0 libcrypt-dev libctf-nobfd0
#6 8.435   libctf0 libdbus-1-3 libde265-0 libdeflate0 libdw1t64 libelf1t64 libexpat1
#6 8.435   libfontconfig1 libfreetype6 libfsverity0 libgcc-13-dev libgd3
#6 8.435   libgdbm-compat4t64 libgdbm6t64 libgomp1 libgprofng0 libheif-plugin-aomdec
#6 8.435   libheif-plugin-aomenc libheif-plugin-libde265 libheif1 libhwasan0 libicu74
#6 8.435   libisl23 libitm1 libjansson4 libjbig0 libjpeg-turbo8 libjpeg8 liblerc4
#6 8.435   liblsan0 liblua5.3-0 libmagic-mgc libmagic1t64 libmpc3 libmpfr6
#6 8.435   libperl5.38t64 libpng16-16t64 libpopt0 libquadmath0 libreadline8t64
#6 8.436   librpm9t64 librpmbuild9t64 librpmio9t64 librpmsign9t64 libsframe1
#6 8.436   libsharpyuv0 libsqlite3-0 libtiff6 libtsan2 libubsan1 libwebp7 libx11-6
#6 8.436   libx11-data libxau6 libxcb1 libxdmcp6 libxml2 libxpm4 linux-libc-dev
#6 8.436   manpages manpages-dev netbase perl perl-modules-5.38 readline-common
#6 8.436   rpcsvc-proto rpm rpm-common rpm2cpio
#6 8.699 0 upgraded, 105 newly installed, 0 to remove and 0 not upgraded.
#6 8.699 Need to get 88.8 MB of archives.
#6 8.699 After this operation, 323 MB of additional disk space will be used.
#6 8.699 Get:1 http://archive.ubuntu.com/ubuntu noble-updates/main amd64 perl-modules-5.38 all 5.38.2-3.2ubuntu0.1 [3110 kB]
#6 9.618 Get:2 http://archive.ubuntu.com/ubuntu noble/main amd64 libgdbm6t64 amd64 1.23-5.1build1 [34.4 kB]
#6 9.647 Get:3 http://archive.ubuntu.com/ubuntu noble/main amd64 libgdbm-compat4t64 amd64 1.23-5.1build1 [6710 B]
#6 9.735 Get:4 http://archive.ubuntu.com/ubuntu noble-updates/main amd64 libperl5.38t64 amd64 5.38.2-3.2ubuntu0.1 [4871 kB]
#6 10.34 Get:5 http://archive.ubuntu.com/ubuntu noble-updates/main amd64 perl amd64 5.38.2-3.2ubuntu0.1 [231 kB]
#6 10.39 Get:6 http://archive.ubuntu.com/ubuntu noble/main amd64 adduser all 3.137ubuntu1 [101 kB]
#6 10.48 Get:7 http://archive.ubuntu.com/ubuntu noble-updates/main amd64 libdbus-1-3 amd64 1.14.10-4ubuntu4.1 [210 kB]
#6 10.60 Get:8 http://archive.ubuntu.com/ubuntu noble-updates/main amd64 dbus-bin amd64 1.14.10-4ubuntu4.1 [39.3 kB]
#6 10.83 Get:9 http://archive.ubuntu.com/ubuntu noble-updates/main amd64 dbus-session-bus-common all 1.14.10-4ubuntu4.1 [80.5 kB]
#6 11.06 Get:10 http://archive.ubuntu.com/ubuntu noble-updates/main amd64 libapparmor1 amd64 4.0.1really4.0.1-0ubuntu0.24.04.4 [50.6 kB]
#6 11.09 Get:11 http://archive.ubuntu.com/ubuntu noble-updates/main amd64 libexpat1 amd64 2.6.1-2ubuntu0.3 [88.0 kB]
#6 11.18 Get:12 http://archive.ubuntu.com/ubuntu noble-updates/main amd64 dbus-daemon amd64 1.14.10-4ubuntu4.1 [118 kB]
#6 11.29 Get:13 http://archive.ubuntu.com/ubuntu noble-updates/main amd64 dbus-system-bus-common all 1.14.10-4ubuntu4.1 [81.6 kB]
#6 11.39 Get:14 http://archive.ubuntu.com/ubuntu noble-updates/main amd64 dbus amd64 1.14.10-4ubuntu4.1 [24.3 kB]
#6 11.42 Get:15 http://archive.ubuntu.com/ubuntu noble-updates/main amd64 libbsd0 amd64 0.12.1-1build1.1 [41.2 kB]
#6 11.67 Get:16 http://archive.ubuntu.com/ubuntu noble-updates/main amd64 libelf1t64 amd64 0.190-1.1ubuntu0.1 [57.8 kB]
#6 11.91 Get:17 http://archive.ubuntu.com/ubuntu noble-updates/main amd64 libicu74 amd64 74.2-1ubuntu3.1 [10.9 MB]
#6 13.73 Get:18 http://archive.ubuntu.com/ubuntu noble/main amd64 libpopt0 amd64 1.19+dfsg-1build1 [28.6 kB]
#6 13.76 Get:19 http://archive.ubuntu.com/ubuntu noble/main amd64 readline-common all 8.2-4build1 [56.5 kB]
#6 13.80 Get:20 http://archive.ubuntu.com/ubuntu noble/main amd64 libreadline8t64 amd64 8.2-4build1 [153 kB]
#6 13.90 Get:21 http://archive.ubuntu.com/ubuntu noble-updates/main amd64 libsqlite3-0 amd64 3.45.1-1ubuntu2.1 [701 kB]
#6 14.20 Get:22 http://archive.ubuntu.com/ubuntu noble-updates/main amd64 libxml2 amd64 2.9.14+dfsg-1.3ubuntu3.3 [762 kB]
#6 14.44 Get:23 http://archive.ubuntu.com/ubuntu noble/main amd64 netbase all 6.4 [13.1 kB]
#6 14.46 Get:24 http://archive.ubuntu.com/ubuntu noble/main amd64 libjansson4 amd64 2.14-2build2 [32.8 kB]
#6 14.56 Get:25 http://archive.ubuntu.com/ubuntu noble/main amd64 libmagic-mgc amd64 1:5.45-3build1 [307 kB]
#6 14.69 Get:26 http://archive.ubuntu.com/ubuntu noble/main amd64 libmagic1t64 amd64 1:5.45-3build1 [87.2 kB]
#6 14.72 Get:27 http://archive.ubuntu.com/ubuntu noble/main amd64 libpng16-16t64 amd64 1.6.43-5build1 [187 kB]
#6 14.77 Get:28 http://archive.ubuntu.com/ubuntu noble/main amd64 libxau6 amd64 1:1.0.9-1build6 [7160 B]
#6 14.79 Get:29 http://archive.ubuntu.com/ubuntu noble/main amd64 libxdmcp6 amd64 1:1.1.3-0ubuntu6 [10.3 kB]
#6 14.82 Get:30 http://archive.ubuntu.com/ubuntu noble/main amd64 libxcb1 amd64 1.15-1ubuntu2 [47.7 kB]
#6 14.85 Get:31 http://archive.ubuntu.com/ubuntu noble/main amd64 libx11-data all 2:1.8.7-1build1 [115 kB]
#6 14.95 Get:32 http://archive.ubuntu.com/ubuntu noble/main amd64 libx11-6 amd64 2:1.8.7-1build1 [650 kB]
#6 15.35 Get:33 http://archive.ubuntu.com/ubuntu noble/main amd64 manpages all 6.7-2 [1384 kB]
#6 15.64 Get:34 http://archive.ubuntu.com/ubuntu noble-updates/main amd64 binutils-common amd64 2.42-4ubuntu2.5 [240 kB]
#6 15.68 Get:35 http://archive.ubuntu.com/ubuntu noble-updates/main amd64 libsframe1 amd64 2.42-4ubuntu2.5 [15.5 kB]
#6 15.77 Get:36 http://archive.ubuntu.com/ubuntu noble-updates/main amd64 libbinutils amd64 2.42-4ubuntu2.5 [577 kB]
#6 15.99 Get:37 http://archive.ubuntu.com/ubuntu noble-updates/main amd64 libctf-nobfd0 amd64 2.42-4ubuntu2.5 [97.7 kB]
#6 16.02 Get:38 http://archive.ubuntu.com/ubuntu noble-updates/main amd64 libctf0 amd64 2.42-4ubuntu2.5 [94.5 kB]
#6 16.12 Get:39 http://archive.ubuntu.com/ubuntu noble-updates/main amd64 libgprofng0 amd64 2.42-4ubuntu2.5 [849 kB]
#6 16.54 Get:40 http://archive.ubuntu.com/ubuntu noble-updates/main amd64 binutils-x86-64-linux-gnu amd64 2.42-4ubuntu2.5 [2462 kB]
#6 17.33 Get:41 http://archive.ubuntu.com/ubuntu noble-updates/main amd64 binutils amd64 2.42-4ubuntu2.5 [18.1 kB]
#6 17.36 Get:42 http://archive.ubuntu.com/ubuntu noble-updates/main amd64 gcc-13-base amd64 13.3.0-6ubuntu2~24.04 [51.5 kB]
#6 17.45 Get:43 http://archive.ubuntu.com/ubuntu noble-updates/main amd64 libisl23 amd64 0.26-3build1.1 [680 kB]
#6 17.68 Get:44 http://archive.ubuntu.com/ubuntu noble-updates/main amd64 libmpfr6 amd64 4.2.1-1build1.1 [353 kB]
#6 17.73 Get:45 http://archive.ubuntu.com/ubuntu noble-updates/main amd64 libmpc3 amd64 1.3.1-1build1.1 [54.6 kB]
#6 17.84 Get:46 http://archive.ubuntu.com/ubuntu noble-updates/main amd64 cpp-13-x86-64-linux-gnu amd64 13.3.0-6ubuntu2~24.04 [10.7 MB]
#6 18.99 Get:47 http://archive.ubuntu.com/ubuntu noble-updates/main amd64 cpp-13 amd64 13.3.0-6ubuntu2~24.04 [1038 B]
#6 19.01 Get:48 http://archive.ubuntu.com/ubuntu noble/main amd64 cpp-x86-64-linux-gnu amd64 4:13.2.0-7ubuntu1 [5326 B]
#6 19.04 Get:49 http://archive.ubuntu.com/ubuntu noble/main amd64 cpp amd64 4:13.2.0-7ubuntu1 [22.4 kB]
#6 19.26 Get:50 http://archive.ubuntu.com/ubuntu noble-updates/main amd64 libdw1t64 amd64 0.190-1.1ubuntu0.1 [261 kB]
#6 19.51 Get:51 http://archive.ubuntu.com/ubuntu noble/main amd64 debugedit amd64 1:5.0-5build2 [46.1 kB]
#6 19.74 Get:52 http://archive.ubuntu.com/ubuntu noble/main amd64 fonts-dejavu-mono all 2.37-8 [502 kB]
#6 19.87 Get:53 http://archive.ubuntu.com/ubuntu noble/main amd64 fonts-dejavu-core all 2.37-8 [835 kB]
#6 20.12 Get:54 http://archive.ubuntu.com/ubuntu noble/main amd64 fontconfig-config amd64 2.15.0-1.1ubuntu2 [37.3 kB]
#6 20.15 Get:55 http://archive.ubuntu.com/ubuntu noble-updates/main amd64 libcc1-0 amd64 14.2.0-4ubuntu2~24.04 [48.0 kB]
#6 20.18 Get:56 http://archive.ubuntu.com/ubuntu noble-updates/main amd64 libgomp1 amd64 14.2.0-4ubuntu2~24.04 [148 kB]
#6 20.22 Get:57 http://archive.ubuntu.com/ubuntu noble-updates/main amd64 libitm1 amd64 14.2.0-4ubuntu2~24.04 [29.7 kB]
#6 20.24 Get:58 http://archive.ubuntu.com/ubuntu noble-updates/main amd64 libatomic1 amd64 14.2.0-4ubuntu2~24.04 [10.5 kB]
#6 20.34 Get:59 http://archive.ubuntu.com/ubuntu noble-updates/main amd64 libasan8 amd64 14.2.0-4ubuntu2~24.04 [3031 kB]
#6 20.83 Get:60 http://archive.ubuntu.com/ubuntu noble-updates/main amd64 liblsan0 amd64 14.2.0-4ubuntu2~24.04 [1322 kB]
#6 21.17 Get:61 http://archive.ubuntu.com/ubuntu noble-updates/main amd64 libtsan2 amd64 14.2.0-4ubuntu2~24.04 [2772 kB]
#6 21.76 Get:62 http://archive.ubuntu.com/ubuntu noble-updates/main amd64 libubsan1 amd64 14.2.0-4ubuntu2~24.04 [1184 kB]
#6 22.64 Get:63 http://archive.ubuntu.com/ubuntu noble-updates/main amd64 libhwasan0 amd64 14.2.0-4ubuntu2~24.04 [1641 kB]
#6 23.37 Get:64 http://archive.ubuntu.com/ubuntu noble-updates/main amd64 libquadmath0 amd64 14.2.0-4ubuntu2~24.04 [153 kB]
#6 23.48 Get:65 http://archive.ubuntu.com/ubuntu noble-updates/main amd64 libgcc-13-dev amd64 13.3.0-6ubuntu2~24.04 [2681 kB]
#6 23.95 Get:66 http://archive.ubuntu.com/ubuntu noble-updates/main amd64 gcc-13-x86-64-linux-gnu amd64 13.3.0-6ubuntu2~24.04 [21.1 MB]
#6 26.01 Get:67 http://archive.ubuntu.com/ubuntu noble-updates/main amd64 gcc-13 amd64 13.3.0-6ubuntu2~24.04 [494 kB]
#6 26.08 Get:68 http://archive.ubuntu.com/ubuntu noble/main amd64 gcc-x86-64-linux-gnu amd64 4:13.2.0-7ubuntu1 [1212 B]
#6 26.10 Get:69 http://archive.ubuntu.com/ubuntu noble/main amd64 gcc amd64 4:13.2.0-7ubuntu1 [5018 B]
#6 26.20 Get:70 http://archive.ubuntu.com/ubuntu noble-updates/main amd64 libaom3 amd64 3.8.2-2ubuntu0.1 [1941 kB]
#6 26.52 Get:71 http://archive.ubuntu.com/ubuntu noble-updates/main amd64 libarchive13t64 amd64 3.7.2-2ubuntu0.4 [382 kB]
#6 26.57 Get:72 http://archive.ubuntu.com/ubuntu noble/main amd64 libbrotli1 amd64 1.1.0-2build2 [331 kB]
#6 26.62 Get:73 http://archive.ubuntu.com/ubuntu noble-updates/main amd64 libc-dev-bin amd64 2.39-0ubuntu8.4 [20.4 kB]
#6 26.65 Get:74 http://archive.ubuntu.com/ubuntu noble/main amd64 libfreetype6 amd64 2.13.2+dfsg-1build3 [402 kB]
#6 26.71 Get:75 http://archive.ubuntu.com/ubuntu noble/main amd64 libfontconfig1 amd64 2.15.0-1.1ubuntu2 [139 kB]
#6 26.74 Get:76 http://archive.ubuntu.com/ubuntu noble/main amd64 libsharpyuv0 amd64 1.3.2-0.4build3 [15.8 kB]
#6 26.77 Get:77 http://archive.ubuntu.com/ubuntu noble-updates/main amd64 libheif-plugin-aomdec amd64 1.17.6-1ubuntu4.1 [10.4 kB]
#6 26.80 Get:78 http://archive.ubuntu.com/ubuntu noble/main amd64 libde265-0 amd64 1.0.15-1build3 [166 kB]
#6 26.84 Get:79 http://archive.ubuntu.com/ubuntu noble-updates/main amd64 libheif-plugin-libde265 amd64 1.17.6-1ubuntu4.1 [8176 B]
#6 26.87 Get:80 http://archive.ubuntu.com/ubuntu noble-updates/main amd64 libheif1 amd64 1.17.6-1ubuntu4.1 [275 kB]
#6 26.92 Get:81 http://archive.ubuntu.com/ubuntu noble/main amd64 libjpeg-turbo8 amd64 2.1.5-2ubuntu2 [150 kB]
#6 26.96 Get:82 http://archive.ubuntu.com/ubuntu noble/main amd64 libjpeg8 amd64 8c-2ubuntu11 [2148 B]
#6 26.99 Get:83 http://archive.ubuntu.com/ubuntu noble-updates/main amd64 libdeflate0 amd64 1.19-1build1.1 [43.9 kB]
#6 27.02 Get:84 http://archive.ubuntu.com/ubuntu noble/main amd64 libjbig0 amd64 2.1-6.1ubuntu2 [29.7 kB]
#6 27.05 Get:85 http://archive.ubuntu.com/ubuntu noble/main amd64 liblerc4 amd64 4.0.0+ds-4ubuntu2 [179 kB]
#6 27.10 Get:86 http://archive.ubuntu.com/ubuntu noble/main amd64 libwebp7 amd64 1.3.2-0.4build3 [230 kB]
#6 27.14 Get:87 http://archive.ubuntu.com/ubuntu noble-updates/main amd64 libtiff6 amd64 4.5.1+git230720-4ubuntu2.2 [199 kB]
#6 27.18 Get:88 http://archive.ubuntu.com/ubuntu noble/main amd64 libxpm4 amd64 1:3.5.17-1build2 [36.5 kB]
#6 27.21 Get:89 http://archive.ubuntu.com/ubuntu noble/main amd64 libgd3 amd64 2.3.3-9ubuntu5 [128 kB]
#6 27.25 Get:90 http://archive.ubuntu.com/ubuntu noble-updates/main amd64 libc-devtools amd64 2.39-0ubuntu8.4 [29.3 kB]
#6 27.49 Get:91 http://archive.ubuntu.com/ubuntu noble-updates/main amd64 linux-libc-dev amd64 6.8.0-59.61 [1858 kB]
#6 28.28 Get:92 http://archive.ubuntu.com/ubuntu noble/main amd64 libcrypt-dev amd64 1:4.4.36-4build1 [112 kB]
#6 28.32 Get:93 http://archive.ubuntu.com/ubuntu noble/main amd64 rpcsvc-proto amd64 1.4.2-0ubuntu7 [67.4 kB]
#6 28.60 Get:94 http://archive.ubuntu.com/ubuntu noble-updates/main amd64 libc6-dev amd64 2.39-0ubuntu8.4 [2124 kB]
#6 29.47 Get:95 http://archive.ubuntu.com/ubuntu noble/universe amd64 libfsverity0 amd64 1.5-1.1build3 [11.3 kB]
#6 29.50 Get:96 http://archive.ubuntu.com/ubuntu noble-updates/main amd64 libheif-plugin-aomenc amd64 1.17.6-1ubuntu4.1 [14.7 kB]
#6 29.73 Get:97 http://archive.ubuntu.com/ubuntu noble/universe amd64 liblua5.3-0 amd64 5.3.6-2build2 [143 kB]
#6 30.33 Get:98 http://archive.ubuntu.com/ubuntu noble/universe amd64 librpmio9t64 amd64 4.18.2+dfsg-2.1build2 [95.2 kB]
#6 30.73 Get:99 http://archive.ubuntu.com/ubuntu noble/universe amd64 librpm9t64 amd64 4.18.2+dfsg-2.1build2 [217 kB]
#6 30.96 Get:100 http://archive.ubuntu.com/ubuntu noble/universe amd64 librpmbuild9t64 amd64 4.18.2+dfsg-2.1build2 [80.1 kB]
#6 31.14 Get:101 http://archive.ubuntu.com/ubuntu noble/universe amd64 librpmsign9t64 amd64 4.18.2+dfsg-2.1build2 [12.0 kB]
#6 31.23 Get:102 http://archive.ubuntu.com/ubuntu noble/main amd64 manpages-dev all 6.7-2 [2013 kB]
#6 31.78 Get:103 http://archive.ubuntu.com/ubuntu noble/universe amd64 rpm-common amd64 4.18.2+dfsg-2.1build2 [34.0 kB]
#6 32.01 Get:104 http://archive.ubuntu.com/ubuntu noble/universe amd64 rpm2cpio amd64 4.18.2+dfsg-2.1build2 [10.3 kB]
#6 32.25 Get:105 http://archive.ubuntu.com/ubuntu noble/universe amd64 rpm amd64 4.18.2+dfsg-2.1build2 [161 kB]
#6 32.99 debconf: delaying package configuration, since apt-utils is not installed
#6 33.03 Fetched 88.8 MB in 24s (3670 kB/s)
#6 33.10 Selecting previously unselected package perl-modules-5.38.
#6 33.10 (Reading database ... (Reading database ... 5%(Reading database ... 10%(Reading database ... 15%(Reading database ... 20%(Reading database ... 25%(Reading database ... 30%(Reading database ... 35%(Reading database ... 40%(Reading database ... 45%(Reading database ... 50%(Reading database ... 55%(Reading database ... 60%(Reading database ... 65%(Reading database ... 70%(Reading database ... 75%(Reading database ... 80%(Reading database ... 85%(Reading database ... 90%(Reading database ... 95%(Reading database ... 100%(Reading database ... 4381 files and directories currently installed.)
#6 33.12 Preparing to unpack .../0-perl-modules-5.38_5.38.2-3.2ubuntu0.1_all.deb ...
#6 33.16 Unpacking perl-modules-5.38 (5.38.2-3.2ubuntu0.1) ...
#6 33.78 Selecting previously unselected package libgdbm6t64:amd64.
#6 33.78 Preparing to unpack .../1-libgdbm6t64_1.23-5.1build1_amd64.deb ...
#6 33.80 Unpacking libgdbm6t64:amd64 (1.23-5.1build1) ...
#6 33.90 Selecting previously unselected package libgdbm-compat4t64:amd64.
#6 33.90 Preparing to unpack .../2-libgdbm-compat4t64_1.23-5.1build1_amd64.deb ...
#6 33.91 Unpacking libgdbm-compat4t64:amd64 (1.23-5.1build1) ...
#6 33.99 Selecting previously unselected package libperl5.38t64:amd64.
#6 33.99 Preparing to unpack .../3-libperl5.38t64_5.38.2-3.2ubuntu0.1_amd64.deb ...
#6 34.00 Unpacking libperl5.38t64:amd64 (5.38.2-3.2ubuntu0.1) ...
#6 34.61 Selecting previously unselected package perl.
#6 34.61 Preparing to unpack .../4-perl_5.38.2-3.2ubuntu0.1_amd64.deb ...
#6 34.63 Unpacking perl (5.38.2-3.2ubuntu0.1) ...
#6 34.74 Selecting previously unselected package adduser.
#6 34.74 Preparing to unpack .../5-adduser_3.137ubuntu1_all.deb ...
#6 34.76 Unpacking adduser (3.137ubuntu1) ...
#6 34.85 Setting up adduser (3.137ubuntu1) ...
#6 35.00 Selecting previously unselected package libdbus-1-3:amd64.
#6 35.00 (Reading database ... (Reading database ... 5%(Reading database ... 10%(Reading database ... 15%(Reading database ... 20%(Reading database ... 25%(Reading database ... 30%(Reading database ... 35%(Reading database ... 40%(Reading database ... 45%(Reading database ... 50%(Reading database ... 55%(Reading database ... 60%(Reading database ... 65%(Reading database ... 70%(Reading database ... 75%(Reading database ... 80%(Reading database ... 85%(Reading database ... 90%(Reading database ... 95%(Reading database ... 100%(Reading database ... 6441 files and directories currently installed.)
#6 35.01 Preparing to unpack .../00-libdbus-1-3_1.14.10-4ubuntu4.1_amd64.deb ...
#6 35.02 Unpacking libdbus-1-3:amd64 (1.14.10-4ubuntu4.1) ...
#6 35.10 Selecting previously unselected package dbus-bin.
#6 35.10 Preparing to unpack .../01-dbus-bin_1.14.10-4ubuntu4.1_amd64.deb ...
#6 35.11 Unpacking dbus-bin (1.14.10-4ubuntu4.1) ...
#6 35.19 Selecting previously unselected package dbus-session-bus-common.
#6 35.19 Preparing to unpack .../02-dbus-session-bus-common_1.14.10-4ubuntu4.1_all.deb ...
#6 35.20 Unpacking dbus-session-bus-common (1.14.10-4ubuntu4.1) ...
#6 35.28 Selecting previously unselected package libapparmor1:amd64.
#6 35.29 Preparing to unpack .../03-libapparmor1_4.0.1really4.0.1-0ubuntu0.24.04.4_amd64.deb ...
#6 35.30 Unpacking libapparmor1:amd64 (4.0.1really4.0.1-0ubuntu0.24.04.4) ...
#6 35.40 Selecting previously unselected package libexpat1:amd64.
#6 35.40 Preparing to unpack .../04-libexpat1_2.6.1-2ubuntu0.3_amd64.deb ...
#6 35.41 Unpacking libexpat1:amd64 (2.6.1-2ubuntu0.3) ...
#6 35.50 Selecting previously unselected package dbus-daemon.
#6 35.50 Preparing to unpack .../05-dbus-daemon_1.14.10-4ubuntu4.1_amd64.deb ...
#6 35.51 Unpacking dbus-daemon (1.14.10-4ubuntu4.1) ...
#6 35.60 Selecting previously unselected package dbus-system-bus-common.
#6 35.60 Preparing to unpack .../06-dbus-system-bus-common_1.14.10-4ubuntu4.1_all.deb ...
#6 35.61 Unpacking dbus-system-bus-common (1.14.10-4ubuntu4.1) ...
#6 35.72 Selecting previously unselected package dbus.
#6 35.73 Preparing to unpack .../07-dbus_1.14.10-4ubuntu4.1_amd64.deb ...
#6 35.74 Unpacking dbus (1.14.10-4ubuntu4.1) ...
#6 35.85 Selecting previously unselected package libbsd0:amd64.
#6 35.85 Preparing to unpack .../08-libbsd0_0.12.1-1build1.1_amd64.deb ...
#6 35.86 Unpacking libbsd0:amd64 (0.12.1-1build1.1) ...
#6 35.94 Selecting previously unselected package libelf1t64:amd64.
#6 35.94 Preparing to unpack .../09-libelf1t64_0.190-1.1ubuntu0.1_amd64.deb ...
#6 35.95 Unpacking libelf1t64:amd64 (0.190-1.1ubuntu0.1) ...
#6 36.02 Selecting previously unselected package libicu74:amd64.
#6 36.02 Preparing to unpack .../10-libicu74_74.2-1ubuntu3.1_amd64.deb ...
#6 36.03 Unpacking libicu74:amd64 (74.2-1ubuntu3.1) ...
#6 36.55 Selecting previously unselected package libpopt0:amd64.
#6 36.55 Preparing to unpack .../11-libpopt0_1.19+dfsg-1build1_amd64.deb ...
#6 36.55 Unpacking libpopt0:amd64 (1.19+dfsg-1build1) ...
#6 36.63 Selecting previously unselected package readline-common.
#6 36.63 Preparing to unpack .../12-readline-common_8.2-4build1_all.deb ...
#6 36.64 Unpacking readline-common (8.2-4build1) ...
#6 36.91 Selecting previously unselected package libreadline8t64:amd64.
#6 36.92 Preparing to unpack .../13-libreadline8t64_8.2-4build1_amd64.deb ...
#6 36.99 Adding 'diversion of /lib/x86_64-linux-gnu/libhistory.so.8 to /lib/x86_64-linux-gnu/libhistory.so.8.usr-is-merged by libreadline8t64'
#6 37.05 Adding 'diversion of /lib/x86_64-linux-gnu/libhistory.so.8.2 to /lib/x86_64-linux-gnu/libhistory.so.8.2.usr-is-merged by libreadline8t64'
#6 37.12 Adding 'diversion of /lib/x86_64-linux-gnu/libreadline.so.8 to /lib/x86_64-linux-gnu/libreadline.so.8.usr-is-merged by libreadline8t64'
#6 37.15 Adding 'diversion of /lib/x86_64-linux-gnu/libreadline.so.8.2 to /lib/x86_64-linux-gnu/libreadline.so.8.2.usr-is-merged by libreadline8t64'
#6 37.17 Unpacking libreadline8t64:amd64 (8.2-4build1) ...
#6 37.63 Selecting previously unselected package libsqlite3-0:amd64.
#6 37.63 Preparing to unpack .../14-libsqlite3-0_3.45.1-1ubuntu2.1_amd64.deb ...
#6 37.64 Unpacking libsqlite3-0:amd64 (3.45.1-1ubuntu2.1) ...
#6 37.74 Selecting previously unselected package libxml2:amd64.
#6 37.74 Preparing to unpack .../15-libxml2_2.9.14+dfsg-1.3ubuntu3.3_amd64.deb ...
#6 37.75 Unpacking libxml2:amd64 (2.9.14+dfsg-1.3ubuntu3.3) ...
#6 37.85 Selecting previously unselected package netbase.
#6 37.85 Preparing to unpack .../16-netbase_6.4_all.deb ...
#6 37.86 Unpacking netbase (6.4) ...
#6 37.94 Selecting previously unselected package libjansson4:amd64.
#6 37.94 Preparing to unpack .../17-libjansson4_2.14-2build2_amd64.deb ...
#6 37.95 Unpacking libjansson4:amd64 (2.14-2build2) ...
#6 38.02 Selecting previously unselected package libmagic-mgc.
#6 38.02 Preparing to unpack .../18-libmagic-mgc_1%3a5.45-3build1_amd64.deb ...
#6 38.03 Unpacking libmagic-mgc (1:5.45-3build1) ...
#6 38.19 Selecting previously unselected package libmagic1t64:amd64.
#6 38.19 Preparing to unpack .../19-libmagic1t64_1%3a5.45-3build1_amd64.deb ...
#6 38.21 Unpacking libmagic1t64:amd64 (1:5.45-3build1) ...
#6 38.28 Selecting previously unselected package libpng16-16t64:amd64.
#6 38.29 Preparing to unpack .../20-libpng16-16t64_1.6.43-5build1_amd64.deb ...
#6 38.29 Unpacking libpng16-16t64:amd64 (1.6.43-5build1) ...
#6 38.37 Selecting previously unselected package libxau6:amd64.
#6 38.38 Preparing to unpack .../21-libxau6_1%3a1.0.9-1build6_amd64.deb ...
#6 38.38 Unpacking libxau6:amd64 (1:1.0.9-1build6) ...
#6 38.47 Selecting previously unselected package libxdmcp6:amd64.
#6 38.47 Preparing to unpack .../22-libxdmcp6_1%3a1.1.3-0ubuntu6_amd64.deb ...
#6 38.48 Unpacking libxdmcp6:amd64 (1:1.1.3-0ubuntu6) ...
#6 38.57 Selecting previously unselected package libxcb1:amd64.
#6 38.57 Preparing to unpack .../23-libxcb1_1.15-1ubuntu2_amd64.deb ...
#6 38.58 Unpacking libxcb1:amd64 (1.15-1ubuntu2) ...
#6 38.65 Selecting previously unselected package libx11-data.
#6 38.66 Preparing to unpack .../24-libx11-data_2%3a1.8.7-1build1_all.deb ...
#6 38.67 Unpacking libx11-data (2:1.8.7-1build1) ...
#6 38.81 Selecting previously unselected package libx11-6:amd64.
#6 38.82 Preparing to unpack .../25-libx11-6_2%3a1.8.7-1build1_amd64.deb ...
#6 38.83 Unpacking libx11-6:amd64 (2:1.8.7-1build1) ...
#6 38.92 Selecting previously unselected package manpages.
#6 38.92 Preparing to unpack .../26-manpages_6.7-2_all.deb ...
#6 38.93 Unpacking manpages (6.7-2) ...
#6 39.03 Selecting previously unselected package binutils-common:amd64.
#6 39.04 Preparing to unpack .../27-binutils-common_2.42-4ubuntu2.5_amd64.deb ...
#6 39.05 Unpacking binutils-common:amd64 (2.42-4ubuntu2.5) ...
#6 39.13 Selecting previously unselected package libsframe1:amd64.
#6 39.13 Preparing to unpack .../28-libsframe1_2.42-4ubuntu2.5_amd64.deb ...
#6 39.14 Unpacking libsframe1:amd64 (2.42-4ubuntu2.5) ...
#6 39.22 Selecting previously unselected package libbinutils:amd64.
#6 39.23 Preparing to unpack .../29-libbinutils_2.42-4ubuntu2.5_amd64.deb ...
#6 39.24 Unpacking libbinutils:amd64 (2.42-4ubuntu2.5) ...
#6 39.35 Selecting previously unselected package libctf-nobfd0:amd64.
#6 39.35 Preparing to unpack .../30-libctf-nobfd0_2.42-4ubuntu2.5_amd64.deb ...
#6 39.36 Unpacking libctf-nobfd0:amd64 (2.42-4ubuntu2.5) ...
#6 39.45 Selecting previously unselected package libctf0:amd64.
#6 39.45 Preparing to unpack .../31-libctf0_2.42-4ubuntu2.5_amd64.deb ...
#6 39.47 Unpacking libctf0:amd64 (2.42-4ubuntu2.5) ...
#6 39.55 Selecting previously unselected package libgprofng0:amd64.
#6 39.55 Preparing to unpack .../32-libgprofng0_2.42-4ubuntu2.5_amd64.deb ...
#6 39.56 Unpacking libgprofng0:amd64 (2.42-4ubuntu2.5) ...
#6 39.69 Selecting previously unselected package binutils-x86-64-linux-gnu.
#6 39.70 Preparing to unpack .../33-binutils-x86-64-linux-gnu_2.42-4ubuntu2.5_amd64.deb ...
#6 39.73 Unpacking binutils-x86-64-linux-gnu (2.42-4ubuntu2.5) ...
#6 39.96 Selecting previously unselected package binutils.
#6 39.96 Preparing to unpack .../34-binutils_2.42-4ubuntu2.5_amd64.deb ...
#6 39.97 Unpacking binutils (2.42-4ubuntu2.5) ...
#6 40.03 Selecting previously unselected package gcc-13-base:amd64.
#6 40.04 Preparing to unpack .../35-gcc-13-base_13.3.0-6ubuntu2~24.04_amd64.deb ...
#6 40.05 Unpacking gcc-13-base:amd64 (13.3.0-6ubuntu2~24.04) ...
#6 40.12 Selecting previously unselected package libisl23:amd64.
#6 40.12 Preparing to unpack .../36-libisl23_0.26-3build1.1_amd64.deb ...
#6 40.14 Unpacking libisl23:amd64 (0.26-3build1.1) ...
#6 40.25 Selecting previously unselected package libmpfr6:amd64.
#6 40.25 Preparing to unpack .../37-libmpfr6_4.2.1-1build1.1_amd64.deb ...
#6 40.26 Unpacking libmpfr6:amd64 (4.2.1-1build1.1) ...
#6 40.34 Selecting previously unselected package libmpc3:amd64.
#6 40.34 Preparing to unpack .../38-libmpc3_1.3.1-1build1.1_amd64.deb ...
#6 40.35 Unpacking libmpc3:amd64 (1.3.1-1build1.1) ...
#6 40.41 Selecting previously unselected package cpp-13-x86-64-linux-gnu.
#6 40.42 Preparing to unpack .../39-cpp-13-x86-64-linux-gnu_13.3.0-6ubuntu2~24.04_amd64.deb ...
#6 40.43 Unpacking cpp-13-x86-64-linux-gnu (13.3.0-6ubuntu2~24.04) ...
#6 40.93 Selecting previously unselected package cpp-13.
#6 40.93 Preparing to unpack .../40-cpp-13_13.3.0-6ubuntu2~24.04_amd64.deb ...
#6 40.94 Unpacking cpp-13 (13.3.0-6ubuntu2~24.04) ...
#6 41.02 Selecting previously unselected package cpp-x86-64-linux-gnu.
#6 41.02 Preparing to unpack .../41-cpp-x86-64-linux-gnu_4%3a13.2.0-7ubuntu1_amd64.deb ...
#6 41.03 Unpacking cpp-x86-64-linux-gnu (4:13.2.0-7ubuntu1) ...
#6 41.10 Selecting previously unselected package cpp.
#6 41.11 Preparing to unpack .../42-cpp_4%3a13.2.0-7ubuntu1_amd64.deb ...
#6 41.13 Unpacking cpp (4:13.2.0-7ubuntu1) ...
#6 41.22 Selecting previously unselected package libdw1t64:amd64.
#6 41.23 Preparing to unpack .../43-libdw1t64_0.190-1.1ubuntu0.1_amd64.deb ...
#6 41.24 Unpacking libdw1t64:amd64 (0.190-1.1ubuntu0.1) ...
#6 41.33 Selecting previously unselected package debugedit.
#6 41.33 Preparing to unpack .../44-debugedit_1%3a5.0-5build2_amd64.deb ...
#6 41.34 Unpacking debugedit (1:5.0-5build2) ...
#6 41.41 Selecting previously unselected package fonts-dejavu-mono.
#6 41.41 Preparing to unpack .../45-fonts-dejavu-mono_2.37-8_all.deb ...
#6 41.42 Unpacking fonts-dejavu-mono (2.37-8) ...
#6 41.53 Selecting previously unselected package fonts-dejavu-core.
#6 41.53 Preparing to unpack .../46-fonts-dejavu-core_2.37-8_all.deb ...
#6 41.58 Unpacking fonts-dejavu-core (2.37-8) ...
#6 41.73 Selecting previously unselected package fontconfig-config.
#6 41.74 Preparing to unpack .../47-fontconfig-config_2.15.0-1.1ubuntu2_amd64.deb ...
#6 42.21 Unpacking fontconfig-config (2.15.0-1.1ubuntu2) ...
#6 42.37 Selecting previously unselected package libcc1-0:amd64.
#6 42.37 Preparing to unpack .../48-libcc1-0_14.2.0-4ubuntu2~24.04_amd64.deb ...
#6 42.39 Unpacking libcc1-0:amd64 (14.2.0-4ubuntu2~24.04) ...
#6 42.47 Selecting previously unselected package libgomp1:amd64.
#6 42.47 Preparing to unpack .../49-libgomp1_14.2.0-4ubuntu2~24.04_amd64.deb ...
#6 42.49 Unpacking libgomp1:amd64 (14.2.0-4ubuntu2~24.04) ...
#6 42.59 Selecting previously unselected package libitm1:amd64.
#6 42.59 Preparing to unpack .../50-libitm1_14.2.0-4ubuntu2~24.04_amd64.deb ...
#6 42.60 Unpacking libitm1:amd64 (14.2.0-4ubuntu2~24.04) ...
#6 42.68 Selecting previously unselected package libatomic1:amd64.
#6 42.68 Preparing to unpack .../51-libatomic1_14.2.0-4ubuntu2~24.04_amd64.deb ...
#6 42.69 Unpacking libatomic1:amd64 (14.2.0-4ubuntu2~24.04) ...
#6 42.78 Selecting previously unselected package libasan8:amd64.
#6 42.78 Preparing to unpack .../52-libasan8_14.2.0-4ubuntu2~24.04_amd64.deb ...
#6 42.79 Unpacking libasan8:amd64 (14.2.0-4ubuntu2~24.04) ...
#6 43.01 Selecting previously unselected package liblsan0:amd64.
#6 43.02 Preparing to unpack .../53-liblsan0_14.2.0-4ubuntu2~24.04_amd64.deb ...
#6 43.03 Unpacking liblsan0:amd64 (14.2.0-4ubuntu2~24.04) ...
#6 43.15 Selecting previously unselected package libtsan2:amd64.
#6 43.15 Preparing to unpack .../54-libtsan2_14.2.0-4ubuntu2~24.04_amd64.deb ...
#6 43.16 Unpacking libtsan2:amd64 (14.2.0-4ubuntu2~24.04) ...
#6 43.36 Selecting previously unselected package libubsan1:amd64.
#6 43.36 Preparing to unpack .../55-libubsan1_14.2.0-4ubuntu2~24.04_amd64.deb ...
#6 43.37 Unpacking libubsan1:amd64 (14.2.0-4ubuntu2~24.04) ...
#6 43.47 Selecting previously unselected package libhwasan0:amd64.
#6 43.47 Preparing to unpack .../56-libhwasan0_14.2.0-4ubuntu2~24.04_amd64.deb ...
#6 43.48 Unpacking libhwasan0:amd64 (14.2.0-4ubuntu2~24.04) ...
#6 43.63 Selecting previously unselected package libquadmath0:amd64.
#6 43.64 Preparing to unpack .../57-libquadmath0_14.2.0-4ubuntu2~24.04_amd64.deb ...
#6 43.65 Unpacking libquadmath0:amd64 (14.2.0-4ubuntu2~24.04) ...
#6 43.72 Selecting previously unselected package libgcc-13-dev:amd64.
#6 43.72 Preparing to unpack .../58-libgcc-13-dev_13.3.0-6ubuntu2~24.04_amd64.deb ...
#6 43.73 Unpacking libgcc-13-dev:amd64 (13.3.0-6ubuntu2~24.04) ...
#6 44.00 Selecting previously unselected package gcc-13-x86-64-linux-gnu.
#6 44.00 Preparing to unpack .../59-gcc-13-x86-64-linux-gnu_13.3.0-6ubuntu2~24.04_amd64.deb ...
#6 44.02 Unpacking gcc-13-x86-64-linux-gnu (13.3.0-6ubuntu2~24.04) ...
#6 44.89 Selecting previously unselected package gcc-13.
#6 44.89 Preparing to unpack .../60-gcc-13_13.3.0-6ubuntu2~24.04_amd64.deb ...
#6 44.90 Unpacking gcc-13 (13.3.0-6ubuntu2~24.04) ...
#6 44.99 Selecting previously unselected package gcc-x86-64-linux-gnu.
#6 45.00 Preparing to unpack .../61-gcc-x86-64-linux-gnu_4%3a13.2.0-7ubuntu1_amd64.deb ...
#6 45.01 Unpacking gcc-x86-64-linux-gnu (4:13.2.0-7ubuntu1) ...
#6 45.09 Selecting previously unselected package gcc.
#6 45.09 Preparing to unpack .../62-gcc_4%3a13.2.0-7ubuntu1_amd64.deb ...
#6 45.11 Unpacking gcc (4:13.2.0-7ubuntu1) ...
#6 45.20 Selecting previously unselected package libaom3:amd64.
#6 45.20 Preparing to unpack .../63-libaom3_3.8.2-2ubuntu0.1_amd64.deb ...
#6 45.21 Unpacking libaom3:amd64 (3.8.2-2ubuntu0.1) ...
#6 45.38 Selecting previously unselected package libarchive13t64:amd64.
#6 45.38 Preparing to unpack .../64-libarchive13t64_3.7.2-2ubuntu0.4_amd64.deb ...
#6 45.39 Unpacking libarchive13t64:amd64 (3.7.2-2ubuntu0.4) ...
#6 45.51 Selecting previously unselected package libbrotli1:amd64.
#6 45.51 Preparing to unpack .../65-libbrotli1_1.1.0-2build2_amd64.deb ...
#6 45.52 Unpacking libbrotli1:amd64 (1.1.0-2build2) ...
#6 45.60 Selecting previously unselected package libc-dev-bin.
#6 45.61 Preparing to unpack .../66-libc-dev-bin_2.39-0ubuntu8.4_amd64.deb ...
#6 45.62 Unpacking libc-dev-bin (2.39-0ubuntu8.4) ...
#6 45.72 Selecting previously unselected package libfreetype6:amd64.
#6 45.72 Preparing to unpack .../67-libfreetype6_2.13.2+dfsg-1build3_amd64.deb ...
#6 45.73 Unpacking libfreetype6:amd64 (2.13.2+dfsg-1build3) ...
#6 45.84 Selecting previously unselected package libfontconfig1:amd64.
#6 45.84 Preparing to unpack .../68-libfontconfig1_2.15.0-1.1ubuntu2_amd64.deb ...
#6 45.85 Unpacking libfontconfig1:amd64 (2.15.0-1.1ubuntu2) ...
#6 45.96 Selecting previously unselected package libsharpyuv0:amd64.
#6 45.96 Preparing to unpack .../69-libsharpyuv0_1.3.2-0.4build3_amd64.deb ...
#6 45.97 Unpacking libsharpyuv0:amd64 (1.3.2-0.4build3) ...
#6 46.05 Selecting previously unselected package libheif-plugin-aomdec:amd64.
#6 46.05 Preparing to unpack .../70-libheif-plugin-aomdec_1.17.6-1ubuntu4.1_amd64.deb ...
#6 46.06 Unpacking libheif-plugin-aomdec:amd64 (1.17.6-1ubuntu4.1) ...
#6 46.14 Selecting previously unselected package libde265-0:amd64.
#6 46.15 Preparing to unpack .../71-libde265-0_1.0.15-1build3_amd64.deb ...
#6 46.16 Unpacking libde265-0:amd64 (1.0.15-1build3) ...
#6 46.24 Selecting previously unselected package libheif-plugin-libde265:amd64.
#6 46.25 Preparing to unpack .../72-libheif-plugin-libde265_1.17.6-1ubuntu4.1_amd64.deb ...
#6 46.26 Unpacking libheif-plugin-libde265:amd64 (1.17.6-1ubuntu4.1) ...
#6 46.34 Selecting previously unselected package libheif1:amd64.
#6 46.35 Preparing to unpack .../73-libheif1_1.17.6-1ubuntu4.1_amd64.deb ...
#6 46.36 Unpacking libheif1:amd64 (1.17.6-1ubuntu4.1) ...
#6 46.46 Selecting previously unselected package libjpeg-turbo8:amd64.
#6 46.46 Preparing to unpack .../74-libjpeg-turbo8_2.1.5-2ubuntu2_amd64.deb ...
#6 46.47 Unpacking libjpeg-turbo8:amd64 (2.1.5-2ubuntu2) ...
#6 46.55 Selecting previously unselected package libjpeg8:amd64.
#6 46.56 Preparing to unpack .../75-libjpeg8_8c-2ubuntu11_amd64.deb ...
#6 46.57 Unpacking libjpeg8:amd64 (8c-2ubuntu11) ...
#6 46.65 Selecting previously unselected package libdeflate0:amd64.
#6 46.65 Preparing to unpack .../76-libdeflate0_1.19-1build1.1_amd64.deb ...
#6 46.66 Unpacking libdeflate0:amd64 (1.19-1build1.1) ...
#6 46.75 Selecting previously unselected package libjbig0:amd64.
#6 46.76 Preparing to unpack .../77-libjbig0_2.1-6.1ubuntu2_amd64.deb ...
#6 46.77 Unpacking libjbig0:amd64 (2.1-6.1ubuntu2) ...
#6 46.86 Selecting previously unselected package liblerc4:amd64.
#6 46.86 Preparing to unpack .../78-liblerc4_4.0.0+ds-4ubuntu2_amd64.deb ...
#6 46.87 Unpacking liblerc4:amd64 (4.0.0+ds-4ubuntu2) ...
#6 46.96 Selecting previously unselected package libwebp7:amd64.
#6 46.96 Preparing to unpack .../79-libwebp7_1.3.2-0.4build3_amd64.deb ...
#6 46.97 Unpacking libwebp7:amd64 (1.3.2-0.4build3) ...
#6 47.06 Selecting previously unselected package libtiff6:amd64.
#6 47.06 Preparing to unpack .../80-libtiff6_4.5.1+git230720-4ubuntu2.2_amd64.deb ...
#6 47.07 Unpacking libtiff6:amd64 (4.5.1+git230720-4ubuntu2.2) ...
#6 47.15 Selecting previously unselected package libxpm4:amd64.
#6 47.15 Preparing to unpack .../81-libxpm4_1%3a3.5.17-1build2_amd64.deb ...
#6 47.17 Unpacking libxpm4:amd64 (1:3.5.17-1build2) ...
#6 47.25 Selecting previously unselected package libgd3:amd64.
#6 47.26 Preparing to unpack .../82-libgd3_2.3.3-9ubuntu5_amd64.deb ...
#6 47.27 Unpacking libgd3:amd64 (2.3.3-9ubuntu5) ...
#6 47.34 Selecting previously unselected package libc-devtools.
#6 47.34 Preparing to unpack .../83-libc-devtools_2.39-0ubuntu8.4_amd64.deb ...
#6 47.35 Unpacking libc-devtools (2.39-0ubuntu8.4) ...
#6 47.44 Selecting previously unselected package linux-libc-dev:amd64.
#6 47.45 Preparing to unpack .../84-linux-libc-dev_6.8.0-59.61_amd64.deb ...
#6 47.46 Unpacking linux-libc-dev:amd64 (6.8.0-59.61) ...
#6 48.14 Selecting previously unselected package libcrypt-dev:amd64.
#6 48.15 Preparing to unpack .../85-libcrypt-dev_1%3a4.4.36-4build1_amd64.deb ...
#6 48.19 Unpacking libcrypt-dev:amd64 (1:4.4.36-4build1) ...
#6 48.43 Selecting previously unselected package rpcsvc-proto.
#6 48.43 Preparing to unpack .../86-rpcsvc-proto_1.4.2-0ubuntu7_amd64.deb ...
#6 48.45 Unpacking rpcsvc-proto (1.4.2-0ubuntu7) ...
#6 48.61 Selecting previously unselected package libc6-dev:amd64.
#6 48.63 Preparing to unpack .../87-libc6-dev_2.39-0ubuntu8.4_amd64.deb ...
#6 48.65 Unpacking libc6-dev:amd64 (2.39-0ubuntu8.4) ...
#6 48.96 Selecting previously unselected package libfsverity0:amd64.
#6 48.97 Preparing to unpack .../88-libfsverity0_1.5-1.1build3_amd64.deb ...
#6 48.98 Unpacking libfsverity0:amd64 (1.5-1.1build3) ...
#6 49.05 Selecting previously unselected package libheif-plugin-aomenc:amd64.
#6 49.05 Preparing to unpack .../89-libheif-plugin-aomenc_1.17.6-1ubuntu4.1_amd64.deb ...
#6 49.06 Unpacking libheif-plugin-aomenc:amd64 (1.17.6-1ubuntu4.1) ...
#6 49.14 Selecting previously unselected package liblua5.3-0:amd64.
#6 49.14 Preparing to unpack .../90-liblua5.3-0_5.3.6-2build2_amd64.deb ...
#6 49.15 Unpacking liblua5.3-0:amd64 (5.3.6-2build2) ...
#6 49.30 Selecting previously unselected package librpmio9t64.
#6 49.30 Preparing to unpack .../91-librpmio9t64_4.18.2+dfsg-2.1build2_amd64.deb ...
#6 49.31 Unpacking librpmio9t64 (4.18.2+dfsg-2.1build2) ...
#6 49.40 Selecting previously unselected package librpm9t64.
#6 49.40 Preparing to unpack .../92-librpm9t64_4.18.2+dfsg-2.1build2_amd64.deb ...
#6 49.41 Unpacking librpm9t64 (4.18.2+dfsg-2.1build2) ...
#6 49.49 Selecting previously unselected package librpmbuild9t64.
#6 49.50 Preparing to unpack .../93-librpmbuild9t64_4.18.2+dfsg-2.1build2_amd64.deb ...
#6 49.51 Unpacking librpmbuild9t64 (4.18.2+dfsg-2.1build2) ...
#6 49.60 Selecting previously unselected package librpmsign9t64.
#6 49.60 Preparing to unpack .../94-librpmsign9t64_4.18.2+dfsg-2.1build2_amd64.deb ...
#6 49.61 Unpacking librpmsign9t64 (4.18.2+dfsg-2.1build2) ...
#6 49.67 Selecting previously unselected package manpages-dev.
#6 49.68 Preparing to unpack .../95-manpages-dev_6.7-2_all.deb ...
#6 49.69 Unpacking manpages-dev (6.7-2) ...
#6 49.85 Selecting previously unselected package rpm-common.
#6 49.86 Preparing to unpack .../96-rpm-common_4.18.2+dfsg-2.1build2_amd64.deb ...
#6 49.87 Unpacking rpm-common (4.18.2+dfsg-2.1build2) ...
#6 49.97 Selecting previously unselected package rpm2cpio.
#6 49.97 Preparing to unpack .../97-rpm2cpio_4.18.2+dfsg-2.1build2_amd64.deb ...
#6 49.98 Unpacking rpm2cpio (4.18.2+dfsg-2.1build2) ...
#6 50.08 Selecting previously unselected package rpm.
#6 50.09 Preparing to unpack .../98-rpm_4.18.2+dfsg-2.1build2_amd64.deb ...
#6 50.10 Unpacking rpm (4.18.2+dfsg-2.1build2) ...
#6 50.20 Setting up libexpat1:amd64 (2.6.1-2ubuntu0.3) ...
#6 50.23 Setting up libsharpyuv0:amd64 (1.3.2-0.4build3) ...
#6 50.26 Setting up libaom3:amd64 (3.8.2-2ubuntu0.1) ...
#6 50.29 Setting up libxau6:amd64 (1:1.0.9-1build6) ...
#6 50.33 Setting up libapparmor1:amd64 (4.0.1really4.0.1-0ubuntu0.24.04.4) ...
#6 50.36 Setting up liblerc4:amd64 (4.0.0+ds-4ubuntu2) ...
#6 50.39 Setting up libgdbm6t64:amd64 (1.23-5.1build1) ...
#6 50.42 Setting up libgdbm-compat4t64:amd64 (1.23-5.1build1) ...
#6 50.45 Setting up libmagic-mgc (1:5.45-3build1) ...
#6 50.49 Setting up manpages (6.7-2) ...
#6 50.52 Setting up libbrotli1:amd64 (1.1.0-2build2) ...
#6 50.55 Setting up libsqlite3-0:amd64 (3.45.1-1ubuntu2.1) ...
#6 50.59 Setting up libmagic1t64:amd64 (1:5.45-3build1) ...
#6 50.65 Setting up binutils-common:amd64 (2.42-4ubuntu2.5) ...
#6 50.70 Setting up libdeflate0:amd64 (1.19-1build1.1) ...
#6 50.73 Setting up linux-libc-dev:amd64 (6.8.0-59.61) ...
#6 50.77 Setting up libctf-nobfd0:amd64 (2.42-4ubuntu2.5) ...
#6 50.80 Setting up libgomp1:amd64 (14.2.0-4ubuntu2~24.04) ...
#6 50.84 Setting up libjbig0:amd64 (2.1-6.1ubuntu2) ...
#6 50.87 Setting up libsframe1:amd64 (2.42-4ubuntu2.5) ...
#6 50.89 Setting up libelf1t64:amd64 (0.190-1.1ubuntu0.1) ...
#6 50.92 Setting up libjansson4:amd64 (2.14-2build2) ...
#6 50.94 Setting up libfsverity0:amd64 (1.5-1.1build3) ...
#6 50.97 Setting up libdw1t64:amd64 (0.190-1.1ubuntu0.1) ...
#6 51.00 Setting up rpcsvc-proto (1.4.2-0ubuntu7) ...
#6 51.03 Setting up gcc-13-base:amd64 (13.3.0-6ubuntu2~24.04) ...
#6 51.06 Setting up libx11-data (2:1.8.7-1build1) ...
#6 51.12 Setting up libmpfr6:amd64 (4.2.1-1build1.1) ...
#6 51.19 Setting up libdbus-1-3:amd64 (1.14.10-4ubuntu4.1) ...
#6 51.21 Setting up perl-modules-5.38 (5.38.2-3.2ubuntu0.1) ...
#6 51.24 Setting up libquadmath0:amd64 (14.2.0-4ubuntu2~24.04) ...
#6 51.27 Setting up fonts-dejavu-mono (2.37-8) ...
#6 51.33 Setting up libpng16-16t64:amd64 (1.6.43-5build1) ...
#6 51.35 Setting up libmpc3:amd64 (1.3.1-1build1.1) ...
#6 51.38 Setting up libatomic1:amd64 (14.2.0-4ubuntu2~24.04) ...
#6 51.40 Setting up fonts-dejavu-core (2.37-8) ...
#6 51.53 Setting up libjpeg-turbo8:amd64 (2.1.5-2ubuntu2) ...
#6 51.56 Setting up libwebp7:amd64 (1.3.2-0.4build3) ...
#6 51.58 Setting up libubsan1:amd64 (14.2.0-4ubuntu2~24.04) ...
#6 51.61 Setting up libicu74:amd64 (74.2-1ubuntu3.1) ...
#6 51.63 Setting up libhwasan0:amd64 (14.2.0-4ubuntu2~24.04) ...
#6 51.66 Setting up libcrypt-dev:amd64 (1:4.4.36-4build1) ...
#6 51.70 Setting up dbus-session-bus-common (1.14.10-4ubuntu4.1) ...
#6 51.72 Setting up libasan8:amd64 (14.2.0-4ubuntu2~24.04) ...
#6 51.74 Setting up liblua5.3-0:amd64 (5.3.6-2build2) ...
#6 51.78 Setting up debugedit (1:5.0-5build2) ...
#6 51.81 Setting up netbase (6.4) ...
#6 51.93 Setting up libperl5.38t64:amd64 (5.38.2-3.2ubuntu0.1) ...
#6 51.97 Setting up libtsan2:amd64 (14.2.0-4ubuntu2~24.04) ...
#6 52.04 Setting up libbinutils:amd64 (2.42-4ubuntu2.5) ...
#6 52.07 Setting up dbus-system-bus-common (1.14.10-4ubuntu4.1) ...
#6 52.25 Setting up libisl23:amd64 (0.26-3build1.1) ...
#6 52.32 Setting up libde265-0:amd64 (1.0.15-1build3) ...
#6 52.34 Setting up libc-dev-bin (2.39-0ubuntu8.4) ...
#6 52.37 Setting up libbsd0:amd64 (0.12.1-1build1.1) ...
#6 52.40 Setting up readline-common (8.2-4build1) ...
#6 52.44 Setting up libxml2:amd64 (2.9.14+dfsg-1.3ubuntu3.3) ...
#6 52.47 Setting up libcc1-0:amd64 (14.2.0-4ubuntu2~24.04) ...
#6 52.51 Setting up dbus-bin (1.14.10-4ubuntu4.1) ...
#6 52.54 Setting up liblsan0:amd64 (14.2.0-4ubuntu2~24.04) ...
#6 52.57 Setting up libitm1:amd64 (14.2.0-4ubuntu2~24.04) ...
#6 52.60 Setting up libpopt0:amd64 (1.19+dfsg-1build1) ...
#6 52.63 Setting up libctf0:amd64 (2.42-4ubuntu2.5) ...
#6 52.67 Setting up libjpeg8:amd64 (8c-2ubuntu11) ...
#6 52.70 Setting up manpages-dev (6.7-2) ...
#6 52.73 Setting up libxdmcp6:amd64 (1:1.1.3-0ubuntu6) ...
#6 52.78 Setting up libxcb1:amd64 (1.15-1ubuntu2) ...
#6 52.81 Setting up cpp-13-x86-64-linux-gnu (13.3.0-6ubuntu2~24.04) ...
#6 52.84 Setting up fontconfig-config (2.15.0-1.1ubuntu2) ...
#6 53.34 Setting up dbus-daemon (1.14.10-4ubuntu4.1) ...
#6 53.39 Setting up perl (5.38.2-3.2ubuntu0.1) ...
#6 53.45 Setting up libgprofng0:amd64 (2.42-4ubuntu2.5) ...
#6 53.48 Setting up libfreetype6:amd64 (2.13.2+dfsg-1build3) ...
#6 53.51 Setting up dbus (1.14.10-4ubuntu4.1) ...
#6 53.62 Setting up librpmio9t64 (4.18.2+dfsg-2.1build2) ...
#6 53.64 Setting up libreadline8t64:amd64 (8.2-4build1) ...
#6 53.70 Setting up libgcc-13-dev:amd64 (13.3.0-6ubuntu2~24.04) ...
#6 53.73 Setting up libtiff6:amd64 (4.5.1+git230720-4ubuntu2.2) ...
#6 53.76 Setting up libc6-dev:amd64 (2.39-0ubuntu8.4) ...
#6 53.81 Setting up libx11-6:amd64 (2:1.8.7-1build1) ...
#6 53.85 Setting up libfontconfig1:amd64 (2.15.0-1.1ubuntu2) ...
#6 53.88 Setting up libarchive13t64:amd64 (3.7.2-2ubuntu0.4) ...
#6 53.91 Setting up binutils-x86-64-linux-gnu (2.42-4ubuntu2.5) ...
#6 53.93 Setting up cpp-x86-64-linux-gnu (4:13.2.0-7ubuntu1) ...
#6 53.96 Setting up libxpm4:amd64 (1:3.5.17-1build2) ...
#6 53.98 Setting up cpp-13 (13.3.0-6ubuntu2~24.04) ...
#6 54.01 Setting up librpm9t64 (4.18.2+dfsg-2.1build2) ...
#6 54.04 Setting up librpmbuild9t64 (4.18.2+dfsg-2.1build2) ...
#6 54.07 Setting up gcc-13-x86-64-linux-gnu (13.3.0-6ubuntu2~24.04) ...
#6 54.10 Setting up rpm-common (4.18.2+dfsg-2.1build2) ...
#6 54.13 Setting up binutils (2.42-4ubuntu2.5) ...
#6 54.16 Setting up gcc-13 (13.3.0-6ubuntu2~24.04) ...
#6 54.19 Setting up librpmsign9t64 (4.18.2+dfsg-2.1build2) ...
#6 54.21 Setting up cpp (4:13.2.0-7ubuntu1) ...
#6 54.28 Setting up gcc-x86-64-linux-gnu (4:13.2.0-7ubuntu1) ...
#6 54.30 Setting up rpm2cpio (4.18.2+dfsg-2.1build2) ...
#6 54.33 Setting up rpm (4.18.2+dfsg-2.1build2) ...
#6 54.36 Setting up gcc (4:13.2.0-7ubuntu1) ...
#6 54.42 Setting up libheif-plugin-aomdec:amd64 (1.17.6-1ubuntu4.1) ...
#6 54.44 Setting up libheif1:amd64 (1.17.6-1ubuntu4.1) ...
#6 54.47 Setting up libgd3:amd64 (2.3.3-9ubuntu5) ...
#6 54.50 Setting up libc-devtools (2.39-0ubuntu8.4) ...
#6 54.52 Setting up libheif-plugin-libde265:amd64 (1.17.6-1ubuntu4.1) ...
#6 54.55 Setting up libheif-plugin-aomenc:amd64 (1.17.6-1ubuntu4.1) ...
#6 54.58 Processing triggers for libc-bin (2.39-0ubuntu8.4) ...
#6 DONE 55.0s

#7 [3/7] COPY cjson.rpm /tmp/cjson.rpm
#7 DONE 0.2s

#8 [4/7] RUN rpm -i /tmp/cjson.rpm && ldconfig
#8 0.630 rpm: RPM should not be used directly install RPM packages, use Alien instead!
#8 0.630 rpm: However assuming you know what you are doing...
#8 DONE 1.0s

#9 [5/7] COPY main.c /app/main.c
#9 DONE 0.3s

#10 [6/7] WORKDIR /app
#10 DONE 0.3s

#11 [7/7] RUN gcc main.c -o example -lcjson -I/usr/local/include/cjson -L/usr/local/lib64
#11 DONE 0.6s

#12 exporting to image
#12 exporting layers
#12 exporting layers 2.9s done
#12 writing image sha256:85187c88c08ee4fd02a693057ea4e61f2789426d1b3b51848b666be908696f46 done
#12 naming to docker.io/library/cjson_deploy 0.0s done
#12 DONE 3.0s
[Pipeline] }
[Pipeline] // withEnv
[Pipeline] sh
+ docker run --rm cjson_deploy
+ tee artifacts/deploy_log.log
Imie: Konrad
[Pipeline] }
[Pipeline] // script
[Pipeline] }
[Pipeline] // dir
[Pipeline] }
[Pipeline] // stage
[Pipeline] stage
[Pipeline] { (Publish)
[Pipeline] archiveArtifacts
Archiving artifacts
Recording fingerprints
[Pipeline] archiveArtifacts
Archiving artifacts
Recording fingerprints
[Pipeline] }
[Pipeline] // stage
[Pipeline] }
[Pipeline] // node
[Pipeline] End of Pipeline
Finished: SUCCESS
